#
# A fatal error has been detected by the Java Runtime Environment:
#
#  EXCEPTION_ACCESS_VIOLATION (0xc0000005) at pc=0x00007ff9f066d5f5, pid=2124, tid=20380
#
# JRE version: Java(TM) SE Runtime Environment (12.0.2+10) (build 12.0.2+10)
# Java VM: Java HotSpot(TM) 64-Bit Server VM (12.0.2+10, mixed mode, sharing, tiered, compressed oops, g1 gc, windows-amd64)
# Problematic frame:
# V  [jvm.dll+0x5ed5f5]
#
# No core dump will be written. Minidumps are not enabled by default on client versions of Windows
#
# If you would like to submit a bug report, please visit:
#   http://bugreport.java.com/bugreport/crash.jsp
#

---------------  S U M M A R Y ------------

Command Line: -Dfile.encoding=UTF-8 -agentpath:C:/Program Files (x86)/NetBeans 11.0/profiler/lib/deployed/jdk16/windows-amd64/profilerinterface.dll=C:\Program Files (x86)\NetBeans 11.0\profiler\lib,5140,10 -XX:+HeapDumpOnOutOfMemoryError -XX:HeapDumpPath=C:\Users\Adri\OneDrive - Robert Gordon University\RGU\Year 3\Concurrent Programming\cw2020\nbproject\private\profiler cw2020.GUI

Host: Intel(R) Core(TM) i5-7200U CPU @ 2.50GHz, 4 cores, 7G,  Windows 10 , 64 bit Build 19041 (10.0.19041.546)
Time: Fri Oct 16 11:53:15 2020 Central Europe Summer Time elapsed time: 2 seconds (0d 0h 0m 2s)

---------------  T H R E A D  ---------------

Current thread (0x000001a3ea591000):  JavaThread "*** Profiler Agent Communication Thread" daemon [_thread_in_vm, id=20380, stack(0x0000005873f00000,0x0000005874000000)]

Stack: [0x0000005873f00000,0x0000005874000000],  sp=0x0000005873ffecc0,  free space=1019k
Native frames: (J=compiled Java code, j=interpreted, Vv=VM code, C=native code)
V  [jvm.dll+0x5ed5f5]
V  [jvm.dll+0x4b52c4]
C  [profilerinterface.dll+0x34da]

Java frames: (J=compiled Java code, j=interpreted, Vv=VM code)
j  org.netbeans.lib.profiler.server.system.Stacks.getMethodNamesForJMethodIds(I[I[I)[B+0
j  org.netbeans.lib.profiler.server.ProfilerInterface.getMethodNamesForJMethodIds([I)Lorg/netbeans/lib/profiler/wireprotocol/MethodNamesResponse;+20
j  org.netbeans.lib.profiler.server.ProfilerServer.handleClientCommand(Lorg/netbeans/lib/profiler/wireprotocol/Command;)V+691
j  org.netbeans.lib.profiler.server.ProfilerServer.listenToClient()V+48
j  org.netbeans.lib.profiler.server.ProfilerServer.run()V+22
v  ~StubRoutines::call_stub

siginfo: EXCEPTION_ACCESS_VIOLATION (0xc0000005), reading address 0xffffffffeafef8a8


Register to memory mapping:

RIP=0x00007ff9f066d5f5 jvm.dll
RAX=0x0000005873ffed01 is pointing into the stack for thread: 0x000001a3ea591000
RBX=0x000001a3ea591000 is a thread
RCX=0xffffffffeafef8a8 is an unknown value
RDX=0x000001a3ea591000 is a thread
RSP=0x0000005873ffecc0 is pointing into the stack for thread: 0x000001a3ea591000
RBP=0xffffffffeafef8a8 is an unknown value
RSI=0x0000005873ffede0 is pointing into the stack for thread: 0x000001a3ea591000
RDI=0x000001a3c954ed90 points into unknown readable memory: d0 34 aa f0 f9 7f 00 00
R8 =0x0000005873ffede0 is pointing into the stack for thread: 0x000001a3ea591000
R9 =0x0000000000000257 is an unknown value
R10=0x0 is NULL
R11=0x0000005873ffecb8 is pointing into the stack for thread: 0x000001a3ea591000
R12=0x000001a3ec2cd7a0 points into unknown readable memory: a8 f8 fe 2a c8 13 14 2b
R13=0x000000000000020b is an unknown value
R14=0x00007ffa4dfd9c68 profilerinterface.dll
R15=0x00007ffa4dfd9a60 profilerinterface.dll


Registers:
RAX=0x0000005873ffed01, RBX=0x000001a3ea591000, RCX=0xffffffffeafef8a8, RDX=0x000001a3ea591000
RSP=0x0000005873ffecc0, RBP=0xffffffffeafef8a8, RSI=0x0000005873ffede0, RDI=0x000001a3c954ed90
R8 =0x0000005873ffede0, R9 =0x0000000000000257, R10=0x0000000000000000, R11=0x0000005873ffecb8
R12=0x000001a3ec2cd7a0, R13=0x000000000000020b, R14=0x00007ffa4dfd9c68, R15=0x00007ffa4dfd9a60
RIP=0x00007ff9f066d5f5, EFLAGS=0x0000000000010282

Top of Stack: (sp=0x0000005873ffecc0)
0x0000005873ffecc0:   000001a3ea591000 00007ff9f04676a3
0x0000005873ffecd0:   000001a3ea591000 0000005873ffee98
0x0000005873ffece0:   000001a3ea591000 00007ff9f05352c4
0x0000005873ffecf0:   00000000000051b8 000001a3ea591000
0x0000005873ffed00:   000001a3ea591330 00007ffa57ba9d40
0x0000005873ffed10:   000001a3ea591000 0000000000000000
0x0000005873ffed20:   000001a300000000 0000000000000000
0x0000005873ffed30:   ffffffffeafef8a8 00007ffa4dfd34da
0x0000005873ffed40:   0000000000000000 000001a3ea591330
0x0000005873ffed50:   0000000000200021 0000005873ffee90
0x0000005873ffed60:   000001a3ec2cd7a0 00007ff9f0417843
0x0000005873ffed70:   0000005873fff3a0 0000000000200021
0x0000005873ffed80:   0000000000200021 000001a3d33b6a75
0x0000005873ffed90:   000001a3e9e58508 000001a3ea591000
0x0000005873ffeda0:   000001a3ea591000 000001a3e9e58508
0x0000005873ffedb0:   0000000000000000 000001a3d3369880 

Instructions: (pc=0x00007ff9f066d5f5)
0x00007ff9f066d4f5:   54 24 20 45 33 c0 48 8b 05 9e f7 43 00 48 83 c2
0x00007ff9f066d505:   18 48 8b cf ff d0 48 85 c0 74 20 48 8b 44 24 20
0x00007ff9f066d515:   48 8b d7 48 8b 48 08 48 8b 41 08 48 8b 48 18 48
0x00007ff9f066d525:   8b 89 98 00 00 00 e8 50 f7 ff ff 80 3d 51 9a 4a
0x00007ff9f066d535:   00 00 74 18 48 8b 4c 24 20 48 8b d3 e8 4a 2a 00
0x00007ff9f066d545:   00 48 83 7b 08 00 74 04 33 db eb 09 48 8b 44 24
0x00007ff9f066d555:   20 48 8b 58 18 48 8d 4c 24 20 e8 1c 4f d7 ff 48
0x00007ff9f066d565:   8b 7c 24 40 48 8b c3 48 83 c4 30 5b c3 cc cc cc
0x00007ff9f066d575:   cc cc cc cc cc cc cc cc cc cc cc 48 8b 51 08 4c
0x00007ff9f066d585:   8b c1 48 8b 42 08 0f b6 52 24 c0 ea 06 48 8b 48
0x00007ff9f066d595:   18 8b 81 a4 00 00 00 f6 c2 01 75 27 48 85 c9 74
0x00007ff9f066d5a5:   14 8b c8 c1 e9 09 f6 c1 01 74 0a 41 f7 40 20 02
0x00007ff9f066d5b5:   04 00 00 74 0e 41 8b 48 20 0b c8 f6 c1 10 74 03
0x00007ff9f066d5c5:   b0 01 c3 41 83 78 24 fe 0f 94 c0 c3 cc cc cc cc
0x00007ff9f066d5d5:   cc cc cc cc cc cc cc cc cc cc cc 48 83 ec 28 48
0x00007ff9f066d5e5:   85 c9 75 07 33 c0 48 83 c4 28 c3 48 89 5c 24 20
0x00007ff9f066d5f5:   48 8b 19 48 85 db 74 20 48 83 fb 37 74 1a 48 8b
0x00007ff9f066d605:   13 48 8b cb ff 52 10 84 c0 74 0d 48 8b c3 48 8b
0x00007ff9f066d615:   5c 24 20 48 83 c4 28 c3 33 c0 48 8b 5c 24 20 48
0x00007ff9f066d625:   83 c4 28 c3 cc cc cc cc cc cc cc 40 53 55 41 56
0x00007ff9f066d635:   41 57 48 83 ec 28 48 8b 41 08 33 ed 4c 8b f1 48
0x00007ff9f066d645:   8b 50 08 4c 8b 7a 18 49 8b 9f 78 01 00 00 48 85
0x00007ff9f066d655:   db 0f 84 d5 00 00 00 8b 15 a2 28 4f 00 65 48 8b
0x00007ff9f066d665:   04 25 58 00 00 00 48 89 74 24 50 4c 89 64 24 60
0x00007ff9f066d675:   4c 89 6c 24 20 41 bd ff ff 00 00 4c 8d 24 d0 41
0x00007ff9f066d685:   b8 08 00 00 00 48 89 7c 24 58 90 49 8b 56 08 48
0x00007ff9f066d695:   8b 73 10 0f b7 42 2a 66 39 43 08 75 6c 0f b7 42
0x00007ff9f066d6a5:   2c 66 39 43 0a 75 62 48 63 4b 04 0f b6 03 88 44
0x00007ff9f066d6b5:   11 38 49 8b 04 24 41 8b c8 48 8b 3c 01 49 8b ce
0x00007ff9f066d6c5:   48 8b d7 e8 63 3e bd ff 48 83 7f 08 00 75 0a 48
0x00007ff9f066d6d5:   85 c0 74 05 66 44 01 68 16 48 85 ed 74 14 48 8b
0x00007ff9f066d6e5:   cb 48 89 75 10 e8 91 f2 ac ff 41 b8 08 00 00 00 


Stack slot to memory mapping:
stack at sp + 0 slots: 0x000001a3ea591000 is a thread
stack at sp + 1 slots: 0x00007ff9f04676a3 jvm.dll
stack at sp + 2 slots: 0x000001a3ea591000 is a thread
stack at sp + 3 slots: 0x0000005873ffee98 is pointing into the stack for thread: 0x000001a3ea591000
stack at sp + 4 slots: 0x000001a3ea591000 is a thread
stack at sp + 5 slots: 0x00007ff9f05352c4 jvm.dll
stack at sp + 6 slots: 0x00000000000051b8 is an unknown value
stack at sp + 7 slots: 0x000001a3ea591000 is a thread


---------------  P R O C E S S  ---------------

Threads class SMR info:
_java_thread_list=0x000001a3eaff3a40, length=20, elements={
0x000001a3e9ae5000, 0x000001a3e9ae8000, 0x000001a3e9b05800, 0x000001a3e9b09000,
0x000001a3e9b0a000, 0x000001a3e9b1b800, 0x000001a3ea487800, 0x000001a3ea56c800,
0x000001a3ea591000, 0x000001a3ea5da000, 0x000001a3ea5f8000, 0x000001a3eb062000,
0x000001a3eb062800, 0x000001a3eb2ae000, 0x000001a3eb2a2000, 0x000001a3eb2a2800,
0x000001a3ea582800, 0x000001a3c971c800, 0x000001a3ecdf9800, 0x000001a3eca74800
}

Java Threads: ( => current thread )
  0x000001a3e9ae5000 JavaThread "Reference Handler" daemon [_thread_blocked, id=360, stack(0x0000005873700000,0x0000005873800000)]
  0x000001a3e9ae8000 JavaThread "Finalizer" daemon [_thread_blocked, id=10836, stack(0x0000005873800000,0x0000005873900000)]
  0x000001a3e9b05800 JavaThread "Signal Dispatcher" daemon [_thread_blocked, id=15108, stack(0x0000005873900000,0x0000005873a00000)]
  0x000001a3e9b09000 JavaThread "Attach Listener" daemon [_thread_blocked, id=19760, stack(0x0000005873a00000,0x0000005873b00000)]
  0x000001a3e9b0a000 JavaThread "C2 CompilerThread0" daemon [_thread_blocked, id=19368, stack(0x0000005873b00000,0x0000005873c00000)]
  0x000001a3e9b1b800 JavaThread "C1 CompilerThread0" daemon [_thread_blocked, id=3876, stack(0x0000005873c00000,0x0000005873d00000)]
  0x000001a3ea487800 JavaThread "Sweeper thread" daemon [_thread_blocked, id=4460, stack(0x0000005873d00000,0x0000005873e00000)]
  0x000001a3ea56c800 JavaThread "Common-Cleaner" daemon [_thread_blocked, id=15524, stack(0x0000005873e00000,0x0000005873f00000)]
=>0x000001a3ea591000 JavaThread "*** Profiler Agent Communication Thread" daemon [_thread_in_vm, id=20380, stack(0x0000005873f00000,0x0000005874000000)]
  0x000001a3ea5da000 JavaThread "*** JFluid Monitor thread ***" daemon [_thread_blocked, id=13260, stack(0x0000005874000000,0x0000005874100000)]
  0x000001a3ea5f8000 JavaThread "*** Profiler Agent Special Execution Thread 6" daemon [_thread_blocked, id=20208, stack(0x0000005874100000,0x0000005874200000)]
  0x000001a3eb062000 JavaThread "*** Profiler Agent Special Execution Thread 10" daemon [_thread_blocked, id=8036, stack(0x0000005874300000,0x0000005874400000)]
  0x000001a3eb062800 JavaThread "Service Thread" daemon [_thread_blocked, id=2176, stack(0x0000005874200000,0x0000005874300000)]
  0x000001a3eb2ae000 JavaThread "Java2D Disposer" daemon [_thread_blocked, id=11584, stack(0x0000005874500000,0x0000005874600000)]
  0x000001a3eb2a2000 JavaThread "AWT-Shutdown" [_thread_blocked, id=14756, stack(0x0000005874600000,0x0000005874700000)]
  0x000001a3eb2a2800 JavaThread "AWT-Windows" daemon [_thread_in_native, id=11060, stack(0x0000005874700000,0x0000005874800000)]
  0x000001a3ea582800 JavaThread "AWT-EventQueue-0" [_thread_blocked, id=15248, stack(0x0000005874800000,0x0000005874900000)]
  0x000001a3c971c800 JavaThread "DestroyJavaVM" [_thread_blocked, id=14432, stack(0x0000005873000000,0x0000005873100000)]
  0x000001a3ecdf9800 JavaThread "C2 CompilerThread1" daemon [_thread_blocked, id=8896, stack(0x0000005874900000,0x0000005874a00000)]
  0x000001a3eca74800 JavaThread "TimerQueue" daemon [_thread_blocked, id=19948, stack(0x0000005874a00000,0x0000005874b00000)]

Other Threads:
  0x000001a3e9add800 VMThread "VM Thread" [stack: 0x0000005873600000,0x0000005873700000] [id=14980]
  0x000001a3eb063800 WatcherThread [stack: 0x0000005874400000,0x0000005874500000] [id=14916]
  0x000001a3c975c800 GCTaskThread "GC Thread#0" [stack: 0x0000005873100000,0x0000005873200000] [id=17740]
  0x000001a3eb490000 GCTaskThread "GC Thread#1" [stack: 0x0000005874b00000,0x0000005874c00000] [id=16916]
  0x000001a3eb491000 GCTaskThread "GC Thread#2" [stack: 0x0000005874c00000,0x0000005874d00000] [id=7528]
  0x000001a3eb491800 GCTaskThread "GC Thread#3" [stack: 0x0000005874d00000,0x0000005874e00000] [id=15648]
  0x000001a3c976a800 ConcurrentGCThread "G1 Main Marker" [stack: 0x0000005873200000,0x0000005873300000] [id=5500]
  0x000001a3c976c800 ConcurrentGCThread "G1 Conc#0" [stack: 0x0000005873300000,0x0000005873400000] [id=3212]
  0x000001a3e995d800 ConcurrentGCThread "G1 Refine#0" [stack: 0x0000005873400000,0x0000005873500000] [id=3320]
  0x000001a3ea5a8800 ConcurrentGCThread "G1 Refine#1" [stack: 0x0000005874e00000,0x0000005874f00000] [id=12744]
  0x000001a3ecb38000 ConcurrentGCThread "G1 Refine#2" [stack: 0x0000005874f00000,0x0000005875000000] [id=16908]
  0x000001a3e995f800 ConcurrentGCThread "G1 Young RemSet Sampling" [stack: 0x0000005873500000,0x0000005873600000] [id=10872]

Threads with active compile tasks:
C1 CompilerThread0  1540       3       java.awt.Color::getRed (12 bytes)

VM state:synchronizing (normal execution)

VM Mutex/Monitor currently owned by a thread:  ([mutex/lock_event])
[0x000001a3c971a320] Threads_lock - owner thread: 0x000001a3e9add800

Heap address: 0x0000000081400000, size: 2028 MB, Compressed Oops mode: 32-bit
Narrow klass base: 0x0000000800000000, Narrow klass shift: 3
Compressed class space size: 1073741824 Address: 0x0000000801190000

Heap:
 garbage-first heap   total 131072K, used 9801K [0x0000000081400000, 0x0000000100000000)
  region size 1024K, 2 young (2048K), 1 survivors (1024K)
 Metaspace       used 15324K, capacity 15760K, committed 15872K, reserved 1062912K
  class space    used 1838K, capacity 2031K, committed 2048K, reserved 1048576K
Heap Regions: E=young(eden), S=young(survivor), O=old, HS=humongous(starts), HC=humongous(continues), CS=collection set, F=free, A=archive, TAMS=top-at-mark-start (previous, next)
|   0|0x0000000081400000, 0x0000000081500000, 0x0000000081500000|100%|HS|  |TAMS 0x0000000081400000, 0x0000000081400000| Complete 
|   1|0x0000000081500000, 0x0000000081600000, 0x0000000081600000|100%|HC|  |TAMS 0x0000000081500000, 0x0000000081500000| Complete 
|   2|0x0000000081600000, 0x0000000081700000, 0x0000000081700000|100%| O|  |TAMS 0x0000000081600000, 0x0000000081600000| Untracked 
|   3|0x0000000081700000, 0x0000000081800000, 0x0000000081800000|100%| O|  |TAMS 0x0000000081700000, 0x0000000081700000| Untracked 
|   4|0x0000000081800000, 0x0000000081900000, 0x0000000081900000|100%|HS|  |TAMS 0x0000000081800000, 0x0000000081800000| Complete 
|   5|0x0000000081900000, 0x0000000081a00000, 0x0000000081a00000|100%|HC|  |TAMS 0x0000000081900000, 0x0000000081900000| Complete 
|   6|0x0000000081a00000, 0x0000000081b00000, 0x0000000081b00000|100%|HC|  |TAMS 0x0000000081a00000, 0x0000000081a00000| Complete 
|   7|0x0000000081b00000, 0x0000000081c00000, 0x0000000081c00000|100%| O|  |TAMS 0x0000000081b00000, 0x0000000081b00000| Untracked 
|   8|0x0000000081c00000, 0x0000000081d00000, 0x0000000081d00000|100%| O|  |TAMS 0x0000000081c00000, 0x0000000081c00000| Untracked 
|   9|0x0000000081d00000, 0x0000000081d15200, 0x0000000081e00000|  8%| O|  |TAMS 0x0000000081d00000, 0x0000000081d00000| Untracked 
|  10|0x0000000081e00000, 0x0000000081e00000, 0x0000000081f00000|  0%| F|  |TAMS 0x0000000081e00000, 0x0000000081e00000| Untracked 
|  11|0x0000000081f00000, 0x0000000081f00000, 0x0000000082000000|  0%| F|  |TAMS 0x0000000081f00000, 0x0000000081f00000| Untracked 
|  12|0x0000000082000000, 0x0000000082000000, 0x0000000082100000|  0%| F|  |TAMS 0x0000000082000000, 0x0000000082000000| Untracked 
|  13|0x0000000082100000, 0x0000000082100000, 0x0000000082200000|  0%| F|  |TAMS 0x0000000082100000, 0x0000000082100000| Untracked 
|  14|0x0000000082200000, 0x0000000082200000, 0x0000000082300000|  0%| F|  |TAMS 0x0000000082200000, 0x0000000082200000| Untracked 
|  15|0x0000000082300000, 0x0000000082300000, 0x0000000082400000|  0%| F|  |TAMS 0x0000000082300000, 0x0000000082300000| Untracked 
|  16|0x0000000082400000, 0x0000000082400000, 0x0000000082500000|  0%| F|  |TAMS 0x0000000082400000, 0x0000000082400000| Untracked 
|  17|0x0000000082500000, 0x0000000082500000, 0x0000000082600000|  0%| F|  |TAMS 0x0000000082500000, 0x0000000082500000| Untracked 
|  18|0x0000000082600000, 0x0000000082600000, 0x0000000082700000|  0%| F|  |TAMS 0x0000000082600000, 0x0000000082600000| Untracked 
|  19|0x0000000082700000, 0x0000000082700000, 0x0000000082800000|  0%| F|  |TAMS 0x0000000082700000, 0x0000000082700000| Untracked 
|  20|0x0000000082800000, 0x0000000082800000, 0x0000000082900000|  0%| F|  |TAMS 0x0000000082800000, 0x0000000082800000| Untracked 
|  21|0x0000000082900000, 0x0000000082900000, 0x0000000082a00000|  0%| F|  |TAMS 0x0000000082900000, 0x0000000082900000| Untracked 
|  22|0x0000000082a00000, 0x0000000082a00000, 0x0000000082b00000|  0%| F|  |TAMS 0x0000000082a00000, 0x0000000082a00000| Untracked 
|  23|0x0000000082b00000, 0x0000000082b00000, 0x0000000082c00000|  0%| F|  |TAMS 0x0000000082b00000, 0x0000000082b00000| Untracked 
|  24|0x0000000082c00000, 0x0000000082c00000, 0x0000000082d00000|  0%| F|  |TAMS 0x0000000082c00000, 0x0000000082c00000| Untracked 
|  25|0x0000000082d00000, 0x0000000082d00000, 0x0000000082e00000|  0%| F|  |TAMS 0x0000000082d00000, 0x0000000082d00000| Untracked 
|  26|0x0000000082e00000, 0x0000000082e00000, 0x0000000082f00000|  0%| F|  |TAMS 0x0000000082e00000, 0x0000000082e00000| Untracked 
|  27|0x0000000082f00000, 0x0000000082f00000, 0x0000000083000000|  0%| F|  |TAMS 0x0000000082f00000, 0x0000000082f00000| Untracked 
|  28|0x0000000083000000, 0x0000000083000000, 0x0000000083100000|  0%| F|  |TAMS 0x0000000083000000, 0x0000000083000000| Untracked 
|  29|0x0000000083100000, 0x0000000083100000, 0x0000000083200000|  0%| F|  |TAMS 0x0000000083100000, 0x0000000083100000| Untracked 
|  30|0x0000000083200000, 0x0000000083200000, 0x0000000083300000|  0%| F|  |TAMS 0x0000000083200000, 0x0000000083200000| Untracked 
|  31|0x0000000083300000, 0x0000000083300000, 0x0000000083400000|  0%| F|  |TAMS 0x0000000083300000, 0x0000000083300000| Untracked 
|  32|0x0000000083400000, 0x0000000083400000, 0x0000000083500000|  0%| F|  |TAMS 0x0000000083400000, 0x0000000083400000| Untracked 
|  33|0x0000000083500000, 0x0000000083500000, 0x0000000083600000|  0%| F|  |TAMS 0x0000000083500000, 0x0000000083500000| Untracked 
|  34|0x0000000083600000, 0x0000000083600000, 0x0000000083700000|  0%| F|  |TAMS 0x0000000083600000, 0x0000000083600000| Untracked 
|  35|0x0000000083700000, 0x0000000083700000, 0x0000000083800000|  0%| F|  |TAMS 0x0000000083700000, 0x0000000083700000| Untracked 
|  36|0x0000000083800000, 0x0000000083800000, 0x0000000083900000|  0%| F|  |TAMS 0x0000000083800000, 0x0000000083800000| Untracked 
|  37|0x0000000083900000, 0x0000000083900000, 0x0000000083a00000|  0%| F|  |TAMS 0x0000000083900000, 0x0000000083900000| Untracked 
|  38|0x0000000083a00000, 0x0000000083a00000, 0x0000000083b00000|  0%| F|  |TAMS 0x0000000083a00000, 0x0000000083a00000| Untracked 
|  39|0x0000000083b00000, 0x0000000083b00000, 0x0000000083c00000|  0%| F|  |TAMS 0x0000000083b00000, 0x0000000083b00000| Untracked 
|  40|0x0000000083c00000, 0x0000000083c00000, 0x0000000083d00000|  0%| F|  |TAMS 0x0000000083c00000, 0x0000000083c00000| Untracked 
|  41|0x0000000083d00000, 0x0000000083d00000, 0x0000000083e00000|  0%| F|  |TAMS 0x0000000083d00000, 0x0000000083d00000| Untracked 
|  42|0x0000000083e00000, 0x0000000083e00000, 0x0000000083f00000|  0%| F|  |TAMS 0x0000000083e00000, 0x0000000083e00000| Untracked 
|  43|0x0000000083f00000, 0x0000000083f00000, 0x0000000084000000|  0%| F|  |TAMS 0x0000000083f00000, 0x0000000083f00000| Untracked 
|  44|0x0000000084000000, 0x0000000084000000, 0x0000000084100000|  0%| F|  |TAMS 0x0000000084000000, 0x0000000084000000| Untracked 
|  45|0x0000000084100000, 0x0000000084100000, 0x0000000084200000|  0%| F|  |TAMS 0x0000000084100000, 0x0000000084100000| Untracked 
|  46|0x0000000084200000, 0x0000000084200000, 0x0000000084300000|  0%| F|  |TAMS 0x0000000084200000, 0x0000000084200000| Untracked 
|  47|0x0000000084300000, 0x0000000084300000, 0x0000000084400000|  0%| F|  |TAMS 0x0000000084300000, 0x0000000084300000| Untracked 
|  48|0x0000000084400000, 0x0000000084400000, 0x0000000084500000|  0%| F|  |TAMS 0x0000000084400000, 0x0000000084400000| Untracked 
|  49|0x0000000084500000, 0x0000000084500000, 0x0000000084600000|  0%| F|  |TAMS 0x0000000084500000, 0x0000000084500000| Untracked 
|  50|0x0000000084600000, 0x0000000084600000, 0x0000000084700000|  0%| F|  |TAMS 0x0000000084600000, 0x0000000084600000| Untracked 
|  51|0x0000000084700000, 0x0000000084700000, 0x0000000084800000|  0%| F|  |TAMS 0x0000000084700000, 0x0000000084700000| Untracked 
|  52|0x0000000084800000, 0x0000000084800000, 0x0000000084900000|  0%| F|  |TAMS 0x0000000084800000, 0x0000000084800000| Untracked 
|  53|0x0000000084900000, 0x0000000084900000, 0x0000000084a00000|  0%| F|  |TAMS 0x0000000084900000, 0x0000000084900000| Untracked 
|  54|0x0000000084a00000, 0x0000000084a00000, 0x0000000084b00000|  0%| F|  |TAMS 0x0000000084a00000, 0x0000000084a00000| Untracked 
|  55|0x0000000084b00000, 0x0000000084b00000, 0x0000000084c00000|  0%| F|  |TAMS 0x0000000084b00000, 0x0000000084b00000| Untracked 
|  56|0x0000000084c00000, 0x0000000084c00000, 0x0000000084d00000|  0%| F|  |TAMS 0x0000000084c00000, 0x0000000084c00000| Untracked 
|  57|0x0000000084d00000, 0x0000000084d00000, 0x0000000084e00000|  0%| F|  |TAMS 0x0000000084d00000, 0x0000000084d00000| Untracked 
|  58|0x0000000084e00000, 0x0000000084e00000, 0x0000000084f00000|  0%| F|  |TAMS 0x0000000084e00000, 0x0000000084e00000| Untracked 
|  59|0x0000000084f00000, 0x0000000084f00000, 0x0000000085000000|  0%| F|  |TAMS 0x0000000084f00000, 0x0000000084f00000| Untracked 
|  60|0x0000000085000000, 0x0000000085000000, 0x0000000085100000|  0%| F|  |TAMS 0x0000000085000000, 0x0000000085000000| Untracked 
|  61|0x0000000085100000, 0x0000000085100000, 0x0000000085200000|  0%| F|  |TAMS 0x0000000085100000, 0x0000000085100000| Untracked 
|  62|0x0000000085200000, 0x0000000085200000, 0x0000000085300000|  0%| F|  |TAMS 0x0000000085200000, 0x0000000085200000| Untracked 
|  63|0x0000000085300000, 0x0000000085300000, 0x0000000085400000|  0%| F|  |TAMS 0x0000000085300000, 0x0000000085300000| Untracked 
|  64|0x0000000085400000, 0x0000000085400000, 0x0000000085500000|  0%| F|  |TAMS 0x0000000085400000, 0x0000000085400000| Untracked 
|  65|0x0000000085500000, 0x0000000085500000, 0x0000000085600000|  0%| F|  |TAMS 0x0000000085500000, 0x0000000085500000| Untracked 
|  66|0x0000000085600000, 0x0000000085600000, 0x0000000085700000|  0%| F|  |TAMS 0x0000000085600000, 0x0000000085600000| Untracked 
|  67|0x0000000085700000, 0x0000000085700000, 0x0000000085800000|  0%| F|  |TAMS 0x0000000085700000, 0x0000000085700000| Untracked 
|  68|0x0000000085800000, 0x0000000085800000, 0x0000000085900000|  0%| F|  |TAMS 0x0000000085800000, 0x0000000085800000| Untracked 
|  69|0x0000000085900000, 0x0000000085900000, 0x0000000085a00000|  0%| F|  |TAMS 0x0000000085900000, 0x0000000085900000| Untracked 
|  70|0x0000000085a00000, 0x0000000085a00000, 0x0000000085b00000|  0%| F|  |TAMS 0x0000000085a00000, 0x0000000085a00000| Untracked 
|  71|0x0000000085b00000, 0x0000000085b00000, 0x0000000085c00000|  0%| F|  |TAMS 0x0000000085b00000, 0x0000000085b00000| Untracked 
|  72|0x0000000085c00000, 0x0000000085c00000, 0x0000000085d00000|  0%| F|  |TAMS 0x0000000085c00000, 0x0000000085c00000| Untracked 
|  73|0x0000000085d00000, 0x0000000085d00000, 0x0000000085e00000|  0%| F|  |TAMS 0x0000000085d00000, 0x0000000085d00000| Untracked 
|  74|0x0000000085e00000, 0x0000000085e00000, 0x0000000085f00000|  0%| F|  |TAMS 0x0000000085e00000, 0x0000000085e00000| Untracked 
|  75|0x0000000085f00000, 0x0000000085f00000, 0x0000000086000000|  0%| F|  |TAMS 0x0000000085f00000, 0x0000000085f00000| Untracked 
|  76|0x0000000086000000, 0x0000000086000000, 0x0000000086100000|  0%| F|  |TAMS 0x0000000086000000, 0x0000000086000000| Untracked 
|  77|0x0000000086100000, 0x0000000086100000, 0x0000000086200000|  0%| F|  |TAMS 0x0000000086100000, 0x0000000086100000| Untracked 
|  78|0x0000000086200000, 0x0000000086200000, 0x0000000086300000|  0%| F|  |TAMS 0x0000000086200000, 0x0000000086200000| Untracked 
|  79|0x0000000086300000, 0x0000000086300000, 0x0000000086400000|  0%| F|  |TAMS 0x0000000086300000, 0x0000000086300000| Untracked 
|  80|0x0000000086400000, 0x0000000086400000, 0x0000000086500000|  0%| F|  |TAMS 0x0000000086400000, 0x0000000086400000| Untracked 
|  81|0x0000000086500000, 0x0000000086500000, 0x0000000086600000|  0%| F|  |TAMS 0x0000000086500000, 0x0000000086500000| Untracked 
|  82|0x0000000086600000, 0x0000000086600000, 0x0000000086700000|  0%| F|  |TAMS 0x0000000086600000, 0x0000000086600000| Untracked 
|  83|0x0000000086700000, 0x0000000086700000, 0x0000000086800000|  0%| F|  |TAMS 0x0000000086700000, 0x0000000086700000| Untracked 
|  84|0x0000000086800000, 0x0000000086800000, 0x0000000086900000|  0%| F|  |TAMS 0x0000000086800000, 0x0000000086800000| Untracked 
|  85|0x0000000086900000, 0x0000000086900000, 0x0000000086a00000|  0%| F|  |TAMS 0x0000000086900000, 0x0000000086900000| Untracked 
|  86|0x0000000086a00000, 0x0000000086a00000, 0x0000000086b00000|  0%| F|  |TAMS 0x0000000086a00000, 0x0000000086a00000| Untracked 
|  87|0x0000000086b00000, 0x0000000086b00000, 0x0000000086c00000|  0%| F|  |TAMS 0x0000000086b00000, 0x0000000086b00000| Untracked 
|  88|0x0000000086c00000, 0x0000000086c00000, 0x0000000086d00000|  0%| F|  |TAMS 0x0000000086c00000, 0x0000000086c00000| Untracked 
|  89|0x0000000086d00000, 0x0000000086d00000, 0x0000000086e00000|  0%| F|  |TAMS 0x0000000086d00000, 0x0000000086d00000| Untracked 
|  90|0x0000000086e00000, 0x0000000086e00000, 0x0000000086f00000|  0%| F|  |TAMS 0x0000000086e00000, 0x0000000086e00000| Untracked 
|  91|0x0000000086f00000, 0x0000000086f00000, 0x0000000087000000|  0%| F|  |TAMS 0x0000000086f00000, 0x0000000086f00000| Untracked 
|  92|0x0000000087000000, 0x0000000087000000, 0x0000000087100000|  0%| F|  |TAMS 0x0000000087000000, 0x0000000087000000| Untracked 
|  93|0x0000000087100000, 0x0000000087100000, 0x0000000087200000|  0%| F|  |TAMS 0x0000000087100000, 0x0000000087100000| Untracked 
|  94|0x0000000087200000, 0x0000000087200000, 0x0000000087300000|  0%| F|  |TAMS 0x0000000087200000, 0x0000000087200000| Untracked 
|  95|0x0000000087300000, 0x0000000087300000, 0x0000000087400000|  0%| F|  |TAMS 0x0000000087300000, 0x0000000087300000| Untracked 
|  96|0x0000000087400000, 0x0000000087400000, 0x0000000087500000|  0%| F|  |TAMS 0x0000000087400000, 0x0000000087400000| Untracked 
|  97|0x0000000087500000, 0x0000000087500000, 0x0000000087600000|  0%| F|  |TAMS 0x0000000087500000, 0x0000000087500000| Untracked 
|  98|0x0000000087600000, 0x0000000087600000, 0x0000000087700000|  0%| F|  |TAMS 0x0000000087600000, 0x0000000087600000| Untracked 
|  99|0x0000000087700000, 0x0000000087700000, 0x0000000087800000|  0%| F|  |TAMS 0x0000000087700000, 0x0000000087700000| Untracked 
| 100|0x0000000087800000, 0x0000000087800000, 0x0000000087900000|  0%| F|  |TAMS 0x0000000087800000, 0x0000000087800000| Untracked 
| 101|0x0000000087900000, 0x0000000087900000, 0x0000000087a00000|  0%| F|  |TAMS 0x0000000087900000, 0x0000000087900000| Untracked 
| 102|0x0000000087a00000, 0x0000000087a00000, 0x0000000087b00000|  0%| F|  |TAMS 0x0000000087a00000, 0x0000000087a00000| Untracked 
| 103|0x0000000087b00000, 0x0000000087b00000, 0x0000000087c00000|  0%| F|  |TAMS 0x0000000087b00000, 0x0000000087b00000| Untracked 
| 104|0x0000000087c00000, 0x0000000087c00000, 0x0000000087d00000|  0%| F|  |TAMS 0x0000000087c00000, 0x0000000087c00000| Untracked 
| 105|0x0000000087d00000, 0x0000000087d00000, 0x0000000087e00000|  0%| F|  |TAMS 0x0000000087d00000, 0x0000000087d00000| Untracked 
| 106|0x0000000087e00000, 0x0000000087e00000, 0x0000000087f00000|  0%| F|  |TAMS 0x0000000087e00000, 0x0000000087e00000| Untracked 
| 107|0x0000000087f00000, 0x0000000087f00000, 0x0000000088000000|  0%| F|  |TAMS 0x0000000087f00000, 0x0000000087f00000| Untracked 
| 108|0x0000000088000000, 0x0000000088000000, 0x0000000088100000|  0%| F|  |TAMS 0x0000000088000000, 0x0000000088000000| Untracked 
| 109|0x0000000088100000, 0x0000000088100000, 0x0000000088200000|  0%| F|  |TAMS 0x0000000088100000, 0x0000000088100000| Untracked 
| 110|0x0000000088200000, 0x0000000088200000, 0x0000000088300000|  0%| F|  |TAMS 0x0000000088200000, 0x0000000088200000| Untracked 
| 111|0x0000000088300000, 0x0000000088300000, 0x0000000088400000|  0%| F|  |TAMS 0x0000000088300000, 0x0000000088300000| Untracked 
| 112|0x0000000088400000, 0x0000000088400000, 0x0000000088500000|  0%| F|  |TAMS 0x0000000088400000, 0x0000000088400000| Untracked 
| 113|0x0000000088500000, 0x0000000088500000, 0x0000000088600000|  0%| F|  |TAMS 0x0000000088500000, 0x0000000088500000| Untracked 
| 114|0x0000000088600000, 0x0000000088600000, 0x0000000088700000|  0%| F|  |TAMS 0x0000000088600000, 0x0000000088600000| Untracked 
| 115|0x0000000088700000, 0x0000000088700000, 0x0000000088800000|  0%| F|  |TAMS 0x0000000088700000, 0x0000000088700000| Untracked 
| 116|0x0000000088800000, 0x0000000088800000, 0x0000000088900000|  0%| F|  |TAMS 0x0000000088800000, 0x0000000088800000| Untracked 
| 117|0x0000000088900000, 0x0000000088900000, 0x0000000088a00000|  0%| F|  |TAMS 0x0000000088900000, 0x0000000088900000| Untracked 
| 118|0x0000000088a00000, 0x0000000088a00000, 0x0000000088b00000|  0%| F|  |TAMS 0x0000000088a00000, 0x0000000088a00000| Untracked 
| 119|0x0000000088b00000, 0x0000000088b00000, 0x0000000088c00000|  0%| F|  |TAMS 0x0000000088b00000, 0x0000000088b00000| Untracked 
| 120|0x0000000088c00000, 0x0000000088c00000, 0x0000000088d00000|  0%| F|  |TAMS 0x0000000088c00000, 0x0000000088c00000| Untracked 
| 121|0x0000000088d00000, 0x0000000088d00000, 0x0000000088e00000|  0%| F|  |TAMS 0x0000000088d00000, 0x0000000088d00000| Untracked 
| 122|0x0000000088e00000, 0x0000000088e00000, 0x0000000088f00000|  0%| F|  |TAMS 0x0000000088e00000, 0x0000000088e00000| Untracked 
| 123|0x0000000088f00000, 0x0000000088f7d2a8, 0x0000000089000000| 48%| S|CS|TAMS 0x0000000088f00000, 0x0000000088f00000| Complete 
| 124|0x0000000089000000, 0x0000000089000000, 0x0000000089100000|  0%| F|  |TAMS 0x0000000089000000, 0x0000000089000000| Untracked 
| 125|0x0000000089100000, 0x0000000089100000, 0x0000000089200000|  0%| F|  |TAMS 0x0000000089100000, 0x0000000089100000| Untracked 
| 126|0x0000000089200000, 0x0000000089200000, 0x0000000089300000|  0%| F|  |TAMS 0x0000000089200000, 0x0000000089200000| Untracked 
| 127|0x0000000089300000, 0x0000000089400000, 0x0000000089400000|100%| E|  |TAMS 0x0000000089300000, 0x0000000089300000| Complete 

Card table byte_map: [0x000001a3e2d80000,0x000001a3e3180000] _byte_map_base: 0x000001a3e2976000

Marking Bits (Prev, Next): (CMBitMap*) 0x000001a3c975d9a8, (CMBitMap*) 0x000001a3c975d9e8
 Prev Bits: [0x000001a3e3580000, 0x000001a3e5530000)
 Next Bits: [0x000001a3e5530000, 0x000001a3e74e0000)

Polling page: 0x000001a3c9500000

Metaspace:

Usage:
  Non-class:     13.41 MB capacity,    13.17 MB ( 98%) used,   201.75 KB (  1%) free+waste,    41.13 KB ( <1%) overhead. 
      Class:      1.98 MB capacity,     1.79 MB ( 91%) used,   169.87 KB (  8%) free+waste,    23.06 KB (  1%) overhead. 
       Both:     15.39 MB capacity,    14.97 MB ( 97%) used,   371.62 KB (  2%) free+waste,    64.19 KB ( <1%) overhead. 

Virtual space:
  Non-class space:       14.00 MB reserved,      13.50 MB ( 96%) committed 
      Class space:        1.00 GB reserved,       2.00 MB ( <1%) committed 
             Both:        1.01 GB reserved,      15.50 MB (  1%) committed 

Chunk freelists:
   Non-Class:  3.88 KB
       Class:  2.13 KB
        Both:  6.00 KB

CodeHeap 'non-profiled nmethods': size=120064Kb used=464Kb max_used=464Kb free=119599Kb
 bounds [0x000001a3dae20000, 0x000001a3db090000, 0x000001a3e2360000]
CodeHeap 'profiled nmethods': size=120000Kb used=2949Kb max_used=2949Kb free=117050Kb
 bounds [0x000001a3d38f0000, 0x000001a3d3be0000, 0x000001a3dae20000]
CodeHeap 'non-nmethods': size=5696Kb used=1285Kb max_used=1296Kb free=4410Kb
 bounds [0x000001a3d3360000, 0x000001a3d35d0000, 0x000001a3d38f0000]
 total_blobs=2450 nmethods=1539 adapters=587
 compilation: enabled
              stopped_count=0, restarted_count=0
 full_count=0

Compilation events (10 events):
Event: 2.304 Thread 0x000001a3e9b1b800 nmethod 1522 0x000001a3d3bccf10 code [0x000001a3d3bcd0e0, 0x000001a3d3bcd470]
Event: 2.304 Thread 0x000001a3e9b1b800 1526       1       javax.swing.JSlider::getOrientation (5 bytes)
Event: 2.304 Thread 0x000001a3e9b1b800 nmethod 1526 0x000001a3dae93490 code [0x000001a3dae93640, 0x000001a3dae93778]
Event: 2.307 Thread 0x000001a3e9b1b800 1527       3       java.lang.System::getProperty (25 bytes)
Event: 2.307 Thread 0x000001a3e9b1b800 nmethod 1527 0x000001a3d3bcd590 code [0x000001a3d3bcd7e0, 0x000001a3d3bcdf60]
Event: 2.311 Thread 0x000001a3e9b1b800 1528       3       jdk.internal.misc.Unsafe::putByte (8 bytes)
Event: 2.311 Thread 0x000001a3e9b1b800 nmethod 1528 0x000001a3d3bce190 code [0x000001a3d3bce340, 0x000001a3d3bce4d8]
Event: 2.320 Thread 0x000001a3e9b1b800 1530       3       java.io.Bits::getInt (43 bytes)
Event: 2.320 Thread 0x000001a3e9b1b800 nmethod 1530 0x000001a3d3bce590 code [0x000001a3d3bce760, 0x000001a3d3bce958]
Event: 2.320 Thread 0x000001a3e9b1b800 1532       3       java.io.ObjectInputStream$BlockDataInputStream::readInt (73 bytes)

GC Heap History (4 events):
Event: 2.147 GC heap before
{Heap before GC invocations=0 (full 0):
 garbage-first heap   total 131072K, used 16384K [0x0000000081400000, 0x0000000100000000)
  region size 1024K, 14 young (14336K), 0 survivors (0K)
 Metaspace       used 14215K, capacity 14636K, committed 14848K, reserved 1062912K
  class space    used 1732K, capacity 1934K, committed 2048K, reserved 1048576K
}
Event: 2.154 GC heap after
{Heap after GC invocations=1 (full 0):
 garbage-first heap   total 131072K, used 6084K [0x0000000081400000, 0x0000000100000000)
  region size 1024K, 2 young (2048K), 2 survivors (2048K)
 Metaspace       used 14215K, capacity 14636K, committed 14848K, reserved 1062912K
  class space    used 1732K, capacity 1934K, committed 2048K, reserved 1048576K
}
Event: 2.312 GC heap before
{Heap before GC invocations=1 (full 0):
 garbage-first heap   total 131072K, used 13252K [0x0000000081400000, 0x0000000100000000)
  region size 1024K, 6 young (6144K), 2 survivors (2048K)
 Metaspace       used 15134K, capacity 15536K, committed 15616K, reserved 1062912K
  class space    used 1821K, capacity 1999K, committed 2048K, reserved 1048576K
}
Event: 2.317 GC heap after
{Heap after GC invocations=2 (full 0):
 garbage-first heap   total 131072K, used 9801K [0x0000000081400000, 0x0000000100000000)
  region size 1024K, 1 young (1024K), 1 survivors (1024K)
 Metaspace       used 15134K, capacity 15536K, committed 15616K, reserved 1062912K
  class space    used 1821K, capacity 1999K, committed 2048K, reserved 1048576K
}

Deoptimization events (10 events):
Event: 1.993 Thread 0x000001a3ea582800 Uncommon trap: reason=class_check action=maybe_recompile pc=0x000001a3dae70988 method=javax.swing.plaf.nimbus.DerivedColor$UIResource.equals(Ljava/lang/Object;)Z @ 1 c2
Event: 1.993 Thread 0x000001a3ea582800 Uncommon trap: reason=class_check action=maybe_recompile pc=0x000001a3dae70988 method=javax.swing.plaf.nimbus.DerivedColor$UIResource.equals(Ljava/lang/Object;)Z @ 1 c2
Event: 2.003 Thread 0x000001a3ea582800 Uncommon trap: reason=unstable_if action=reinterpret pc=0x000001a3dae47a2c method=java.lang.CharacterData.of(I)Ljava/lang/CharacterData; @ 4 c2
Event: 2.004 Thread 0x000001a3ea582800 Uncommon trap: reason=unstable_if action=reinterpret pc=0x000001a3dae31138 method=java.lang.String.hashCode()I @ 22 c2
Event: 2.021 Thread 0x000001a3ea582800 Uncommon trap: reason=unstable_if action=reinterpret pc=0x000001a3dae3f2d4 method=java.lang.String.equals(Ljava/lang/Object;)Z @ 27 c2
Event: 2.196 Thread 0x000001a3ea582800 Uncommon trap: reason=class_check action=maybe_recompile pc=0x000001a3dae7a60c method=java.lang.String.equals(Ljava/lang/Object;)Z @ 8 c2
Event: 2.238 Thread 0x000001a3ea582800 Uncommon trap: reason=class_check action=maybe_recompile pc=0x000001a3dae7a60c method=java.lang.String.equals(Ljava/lang/Object;)Z @ 8 c2
Event: 2.239 Thread 0x000001a3ea582800 Uncommon trap: reason=class_check action=maybe_recompile pc=0x000001a3dae7a60c method=java.lang.String.equals(Ljava/lang/Object;)Z @ 8 c2
Event: 2.241 Thread 0x000001a3ea582800 Uncommon trap: reason=class_check action=maybe_recompile pc=0x000001a3dae7a60c method=java.lang.String.equals(Ljava/lang/Object;)Z @ 8 c2
Event: 2.302 Thread 0x000001a3ea582800 Uncommon trap: reason=unstable_if action=reinterpret pc=0x000001a3dae8fa94 method=javax.swing.JComponent.getClientProperty(Ljava/lang/Object;)Ljava/lang/Object; @ 16 c2

Classes redefined (0 events):
No events

Internal exceptions (10 events):
Event: 1.804 Thread 0x000001a3c971c800 Implicit null exception at 0x000001a3dae56188 to 0x000001a3dae5621a
Event: 1.806 Thread 0x000001a3c971c800 Exception <a 'java/lang/ClassNotFoundException'{0x0000000088ab8ba8}: com/sun/swing/internal/plaf/metal/resources/spi/metalProvider> (0x0000000088ab8ba8) thrown at [t:/workspace/open/src/hotspot/share/classfile/systemDictionary.cpp, line 235]
Event: 1.807 Thread 0x000001a3c971c800 Exception <a 'java/lang/ClassNotFoundException'{0x0000000088abcdd8}: com/sun/swing/internal/plaf/basic/resources/spi/basicProvider> (0x0000000088abcdd8) thrown at [t:/workspace/open/src/hotspot/share/classfile/systemDictionary.cpp, line 235]
Event: 1.836 Thread 0x000001a3ea582800 Exception <a 'java/lang/ClassNotFoundException'{0x0000000088955f60}: com/sun/swing/internal/plaf/synth/resources/spi/synthProvider> (0x0000000088955f60) thrown at [t:/workspace/open/src/hotspot/share/classfile/systemDictionary.cpp, line 235]
Event: 2.031 Thread 0x000001a3ea582800 Exception <a 'java/io/FileNotFoundException'{0x000000008874ea18}> (0x000000008874ea18) thrown at [t:/workspace/open/src/hotspot/share/prims/jni.cpp, line 615]
Event: 2.045 Thread 0x000001a3ea582800 Exception <a 'java/io/FileNotFoundException'{0x000000008878dc48}> (0x000000008878dc48) thrown at [t:/workspace/open/src/hotspot/share/prims/jni.cpp, line 615]
Event: 2.058 Thread 0x000001a3ea582800 Exception <a 'java/io/FileNotFoundException'{0x00000000887c7af0}> (0x00000000887c7af0) thrown at [t:/workspace/open/src/hotspot/share/prims/jni.cpp, line 615]
Event: 2.072 Thread 0x000001a3ea582800 Exception <a 'java/io/FileNotFoundException'{0x0000000088609960}> (0x0000000088609960) thrown at [t:/workspace/open/src/hotspot/share/prims/jni.cpp, line 615]
Event: 2.132 Thread 0x000001a3ea582800 Exception <a 'java/lang/NoSuchMethodError'{0x00000000886831e8}: java.lang.invoke.DirectMethodHandle$Holder.invokeStaticInit(Ljava/lang/Object;)V> (0x00000000886831e8) thrown at [t:/workspace/open/src/hotspot/share/interpreter/linkResolver.cpp, line 777]
Event: 2.138 Thread 0x000001a3ea582800 Exception <a 'java/lang/NoSuchMethodError'{0x00000000886f55c0}: java.lang.invoke.Invokers$Holder.linkToTargetMethod(Ljava/lang/Object;ILjava/lang/Object;)Ljava/lang/Object;> (0x00000000886f55c0) thrown at [t:/workspace/open/src/hotspot/share/interpreter/l

Events (10 events):
Event: 2.320 loading class sun/java2d/marlin/DMarlinRenderingEngine$NormMode$2
Event: 2.320 loading class sun/java2d/marlin/DMarlinRenderingEngine$NormMode$2 done
Event: 2.320 loading class sun/java2d/marlin/DMarlinRenderingEngine$NormMode$3
Event: 2.320 loading class sun/java2d/marlin/DMarlinRenderingEngine$NormMode$3 done
Event: 2.320 loading class java/awt/geom/RoundRectIterator
Event: 2.320 loading class java/awt/geom/RoundRectIterator done
Event: 2.320 loading class org/netbeans/lib/profiler/wireprotocol/GetMethodNamesForJMethodIdsCommand
Event: 2.320 loading class org/netbeans/lib/profiler/wireprotocol/GetMethodNamesForJMethodIdsCommand done
Event: 2.320 loading class sun/java2d/marlin/DHelpers
Event: 2.320 loading class sun/java2d/marlin/DHelpers done


Dynamic libraries:
0x00007ff6dbf40000 - 0x00007ff6dbf4f000 	C:\Program Files\Java\jdk-12.0.2\bin\java.exe
0x00007ffa59af0000 - 0x00007ffa59ce6000 	C:\WINDOWS\SYSTEM32\ntdll.dll
0x00007ffa46980000 - 0x00007ffa46992000 	C:\Program Files\AVAST Software\Avast\aswhook.dll
0x00007ffa58570000 - 0x00007ffa5862d000 	C:\WINDOWS\System32\KERNEL32.DLL
0x00007ffa572f0000 - 0x00007ffa575b8000 	C:\WINDOWS\System32\KERNELBASE.dll
0x00007ffa577a0000 - 0x00007ffa578a0000 	C:\WINDOWS\System32\ucrtbase.dll
0x00007ffa4dfe0000 - 0x00007ffa4dff8000 	C:\Program Files\Java\jdk-12.0.2\bin\jli.dll
0x00007ffa57db0000 - 0x00007ffa57e5a000 	C:\WINDOWS\System32\ADVAPI32.dll
0x00007ffa57b90000 - 0x00007ffa57c2e000 	C:\WINDOWS\System32\msvcrt.dll
0x00007ffa57c30000 - 0x00007ffa57ccb000 	C:\WINDOWS\System32\sechost.dll
0x00007ffa58990000 - 0x00007ffa58ab4000 	C:\WINDOWS\System32\RPCRT4.dll
0x00007ffa59800000 - 0x00007ffa599a0000 	C:\WINDOWS\System32\USER32.dll
0x00007ffa57920000 - 0x00007ffa57942000 	C:\WINDOWS\System32\win32u.dll
0x00007ffa595d0000 - 0x00007ffa595fa000 	C:\WINDOWS\System32\GDI32.dll
0x00007ffa57a50000 - 0x00007ffa57b59000 	C:\WINDOWS\System32\gdi32full.dll
0x00007ffa579b0000 - 0x00007ffa57a4d000 	C:\WINDOWS\System32\msvcp_win.dll
0x00007ffa26e10000 - 0x00007ffa26e26000 	C:\Program Files\Java\jdk-12.0.2\bin\VCRUNTIME140.dll
0x00007ffa3c130000 - 0x00007ffa3c3cb000 	C:\WINDOWS\WinSxS\amd64_microsoft.windows.common-controls_6595b64144ccf1df_6.0.19041.488_none_ca04af081b815d21\COMCTL32.dll
0x00007ffa503f0000 - 0x00007ffa503fa000 	C:\WINDOWS\SYSTEM32\VERSION.dll
0x00007ffa57b60000 - 0x00007ffa57b90000 	C:\WINDOWS\System32\IMM32.DLL
0x00007ffa016b0000 - 0x00007ffa0175a000 	C:\Program Files\Java\jdk-12.0.2\bin\msvcp140.dll
0x00007ff9f0080000 - 0x00007ff9f0bf7000 	C:\Program Files\Java\jdk-12.0.2\bin\server\jvm.dll
0x00007ffa58330000 - 0x00007ffa58338000 	C:\WINDOWS\System32\PSAPI.DLL
0x00007ffa45e10000 - 0x00007ffa45e19000 	C:\WINDOWS\SYSTEM32\WSOCK32.dll
0x00007ffa58500000 - 0x00007ffa5856b000 	C:\WINDOWS\System32\WS2_32.dll
0x00007ffa476e0000 - 0x00007ffa47707000 	C:\WINDOWS\SYSTEM32\WINMM.dll
0x00007ffa55b70000 - 0x00007ffa55b82000 	C:\WINDOWS\SYSTEM32\kernel.appcore.dll
0x00007ffa25350000 - 0x00007ffa25361000 	C:\Program Files\Java\jdk-12.0.2\bin\verify.dll
0x00007ffa557f0000 - 0x00007ffa559d4000 	C:\WINDOWS\SYSTEM32\DBGHELP.DLL
0x00007ffa4cfe0000 - 0x00007ffa4d00c000 	C:\WINDOWS\SYSTEM32\dbgcore.DLL
0x00007ffa578a0000 - 0x00007ffa5791f000 	C:\WINDOWS\System32\bcryptPrimitives.dll
0x00007ffa19d20000 - 0x00007ffa19d46000 	C:\Program Files\Java\jdk-12.0.2\bin\java.dll
0x00007ffa4dfd0000 - 0x00007ffa4dfdf000 	C:\Program Files (x86)\NetBeans 11.0\profiler\lib\deployed\jdk16\windows-amd64\profilerinterface.dll
0x00007ffa19d00000 - 0x00007ffa19d17000 	C:\Program Files\Java\jdk-12.0.2\bin\zip.dll
0x00007ffa35b90000 - 0x00007ffa35b9a000 	C:\Program Files\Java\jdk-12.0.2\bin\jimage.dll
0x00007ffa58ac0000 - 0x00007ffa59200000 	C:\WINDOWS\System32\SHELL32.dll
0x00007ffa54f80000 - 0x00007ffa55714000 	C:\WINDOWS\SYSTEM32\windows.storage.dll
0x00007ffa58630000 - 0x00007ffa58985000 	C:\WINDOWS\System32\combase.dll
0x00007ffa56be0000 - 0x00007ffa56c0c000 	C:\WINDOWS\SYSTEM32\Wldp.dll
0x00007ffa599a0000 - 0x00007ffa59a4e000 	C:\WINDOWS\System32\SHCORE.dll
0x00007ffa57d30000 - 0x00007ffa57d85000 	C:\WINDOWS\System32\shlwapi.dll
0x00007ffa57170000 - 0x00007ffa57196000 	C:\WINDOWS\SYSTEM32\profapi.dll
0x00007ffa0f3d0000 - 0x00007ffa0f3e9000 	C:\Program Files\Java\jdk-12.0.2\bin\net.dll
0x00007ffa47df0000 - 0x00007ffa47ef0000 	C:\WINDOWS\SYSTEM32\WINHTTP.dll
0x00007ffa43670000 - 0x00007ffa4385d000 	C:\WINDOWS\SYSTEM32\urlmon.dll
0x00007ffa43c50000 - 0x00007ffa43f00000 	C:\WINDOWS\SYSTEM32\iertutil.dll
0x00007ffa56960000 - 0x00007ffa569ca000 	C:\WINDOWS\system32\mswsock.dll
0x00007ffa0e6a0000 - 0x00007ffa0e6b3000 	C:\Program Files\Java\jdk-12.0.2\bin\nio.dll
0x00007ffa32d90000 - 0x00007ffa32d99000 	C:\Program Files\Java\jdk-12.0.2\bin\management.dll
0x00007ffa32710000 - 0x00007ffa3271c000 	C:\Program Files\Java\jdk-12.0.2\bin\management_ext.dll
0x00007ffa56b30000 - 0x00007ffa56b48000 	C:\WINDOWS\SYSTEM32\CRYPTSP.dll
0x00007ffa562f0000 - 0x00007ffa56324000 	C:\WINDOWS\system32\rsaenh.dll
0x00007ffa57770000 - 0x00007ffa57797000 	C:\WINDOWS\System32\bcrypt.dll
0x00007ffa57130000 - 0x00007ffa5715e000 	C:\WINDOWS\SYSTEM32\USERENV.dll
0x00007ffa56b50000 - 0x00007ffa56b5c000 	C:\WINDOWS\SYSTEM32\CRYPTBASE.dll
0x00007ffa56650000 - 0x00007ffa5668b000 	C:\WINDOWS\SYSTEM32\IPHLPAPI.DLL
0x00007ffa58340000 - 0x00007ffa58349000 	C:\WINDOWS\System32\NSI.dll
0x00007ffa54db0000 - 0x00007ffa54dc7000 	C:\WINDOWS\SYSTEM32\dhcpcsvc6.DLL
0x00007ffa54d90000 - 0x00007ffa54dad000 	C:\WINDOWS\SYSTEM32\dhcpcsvc.DLL
0x00007ffa56690000 - 0x00007ffa5675b000 	C:\WINDOWS\SYSTEM32\DNSAPI.dll
0x00007ffa01760000 - 0x00007ffa018ff000 	C:\Program Files\Java\jdk-12.0.2\bin\awt.dll
0x00007ffa59600000 - 0x00007ffa596cd000 	C:\WINDOWS\System32\OLEAUT32.dll
0x00007ffa53150000 - 0x00007ffa53710000 	C:\WINDOWS\SYSTEM32\d2d1.dll
0x00007ffa54580000 - 0x00007ffa54610000 	C:\WINDOWS\SYSTEM32\apphelp.dll
0x00007ffa546d0000 - 0x00007ffa5476f000 	C:\WINDOWS\system32\uxtheme.dll
0x00007ffa596e0000 - 0x00007ffa597f5000 	C:\WINDOWS\System32\MSCTF.dll
0x00007ffa59420000 - 0x00007ffa5954a000 	C:\WINDOWS\System32\ole32.dll
0x00007ffa548e0000 - 0x00007ffa5490f000 	C:\WINDOWS\system32\DWMAPI.DLL
0x00007ffa0e440000 - 0x00007ffa0e4c0000 	C:\Program Files\Java\jdk-12.0.2\bin\freetype.dll
0x00007ffa01600000 - 0x00007ffa016ab000 	C:\Program Files\Java\jdk-12.0.2\bin\fontmanager.dll
0x00007ffa32720000 - 0x00007ffa32845000 	C:\WINDOWS\system32\opengl32.dll
0x00007ffa31d80000 - 0x00007ffa31dac000 	C:\WINDOWS\SYSTEM32\GLU32.dll
0x00007ffa59290000 - 0x00007ffa59339000 	C:\WINDOWS\System32\clbcatq.dll
0x00007ffa501a0000 - 0x00007ffa50354000 	C:\WINDOWS\SYSTEM32\WindowsCodecs.dll
0x00007ffa307a0000 - 0x00007ffa307de000 	C:\WINDOWS\system32\dataexchange.dll
0x00007ffa52a80000 - 0x00007ffa52ce4000 	C:\WINDOWS\system32\d3d11.dll
0x00007ffa539a0000 - 0x00007ffa53b85000 	C:\WINDOWS\system32\dcomp.dll
0x00007ffa55b90000 - 0x00007ffa55c83000 	C:\WINDOWS\system32\dxgi.dll
0x00007ffa504c0000 - 0x00007ffa506c8000 	C:\WINDOWS\system32\twinapi.appcore.dll
0x00007ffa45f80000 - 0x00007ffa4607c000 	C:\WINDOWS\SYSTEM32\textinputframework.dll
0x00007ffa53f10000 - 0x00007ffa5426e000 	C:\WINDOWS\System32\CoreUIComponents.dll
0x00007ffa54270000 - 0x00007ffa54362000 	C:\WINDOWS\System32\CoreMessaging.dll
0x00007ffa55f80000 - 0x00007ffa55fb3000 	C:\WINDOWS\SYSTEM32\ntmarta.dll
0x00007ffa53710000 - 0x00007ffa53866000 	C:\WINDOWS\SYSTEM32\wintypes.dll

dbghelp: loaded successfully - version: 4.0.5 - missing functions: none
symbol engine: initialized successfully - sym options: 0x614 - pdb path: .;C:\Program Files\Java\jdk-12.0.2\bin;C:\WINDOWS\SYSTEM32;C:\Program Files\AVAST Software\Avast;C:\WINDOWS\WinSxS\amd64_microsoft.windows.common-controls_6595b64144ccf1df_6.0.19041.488_none_ca04af081b815d21;C:\Program Files\Java\jdk-12.0.2\bin\server;C:\Program Files (x86)\NetBeans 11.0\profiler\lib\deployed\jdk16\windows-amd64

VM Arguments:
jvm_args: -Dfile.encoding=UTF-8 -agentpath:C:/Program Files (x86)/NetBeans 11.0/profiler/lib/deployed/jdk16/windows-amd64/profilerinterface.dll=C:\Program Files (x86)\NetBeans 11.0\profiler\lib,5140,10 -XX:+HeapDumpOnOutOfMemoryError -XX:HeapDumpPath=C:\Users\Adri\OneDrive - Robert Gordon University\RGU\Year 3\Concurrent Programming\cw2020\nbproject\private\profiler 
java_command: cw2020.GUI
java_class_path (initial): C:\Users\Adri\OneDrive - Robert Gordon University\RGU\Year 3\Concurrent Programming\cw2020\build\classes
Launcher Type: SUN_STANDARD

[Global flags]
     intx CICompilerCount                          = 3                                         {product} {ergonomic}
     uint ConcGCThreads                            = 1                                         {product} {ergonomic}
     uint G1ConcRefinementThreads                  = 4                                         {product} {ergonomic}
   size_t G1HeapRegionSize                         = 1048576                                   {product} {ergonomic}
    uintx GCDrainStackTargetSize                   = 64                                        {product} {ergonomic}
     bool HeapDumpOnOutOfMemoryError               = true                                   {manageable} {command line}
    ccstr HeapDumpPath                             = C:\Users\Adri\OneDrive - Robert Gordon University\RGU\Year 3\Concurrent Programming\cw2020\nbproject\private\profiler         {manageable} {command line}
   size_t InitialHeapSize                          = 134217728                                 {product} {ergonomic}
   size_t MarkStackSize                            = 4194304                                   {product} {ergonomic}
   size_t MaxHeapSize                              = 2126512128                                {product} {ergonomic}
   size_t MaxNewSize                               = 1275068416                                {product} {ergonomic}
   size_t MinHeapDeltaBytes                        = 1048576                                   {product} {ergonomic}
    uintx NonNMethodCodeHeapSize                   = 5830732                                {pd product} {ergonomic}
    uintx NonProfiledCodeHeapSize                  = 122913754                              {pd product} {ergonomic}
    uintx ProfiledCodeHeapSize                     = 122913754                              {pd product} {ergonomic}
    uintx ReservedCodeCacheSize                    = 251658240                              {pd product} {ergonomic}
     bool SegmentedCodeCache                       = true                                      {product} {ergonomic}
     bool UseCompressedClassPointers               = true                                 {lp64_product} {ergonomic}
     bool UseCompressedOops                        = true                                 {lp64_product} {ergonomic}
     bool UseG1GC                                  = true                                      {product} {ergonomic}
     bool UseLargePagesIndividualAllocation        = false                                  {pd product} {ergonomic}

Logging:
Log output configuration:
 #0: stdout all=warning uptime,level,tags
 #1: stderr all=off uptime,level,tags

Environment Variables:
PATH=C:\Rtools\bin;C:\WINDOWS\system32;C:\WINDOWS;C:\WINDOWS\System32\Wbem;C:\WINDOWS\System32\WindowsPowerShell\v1.0\;C:\WINDOWS\System32\OpenSSH\;C:\Users\Adri\Grafika\Libs\freeglut\include;C:\Users\Adri\Grafika\Libs\freeglut\lib;C:\Program Files\dotnet\;C:\Program Files\Microsoft SQL Server\130\Tools\Binn\;C:\Program Files\Git\cmd;C:\Users\Adri\BME\Oprendszerek;C:\Users\Adri\Documents\R;C:\Program Files\RStudio\R;C:\Program Files\nodejs\;C:\Program Files\Calibre2\;C:\Users\Adri\AppData\Local\Microsoft\WindowsApps;C:\Users\Adri\AppData\Local\GitHubDesktop\bin;C:\Program Files\Java\jdk1.8.0_201\bin;C:\Users\Adri\BME\Oprendszerek;;C:\Program Files\JetBrains\IntelliJ IDEA 2019.3.1\bin;C:\Users\Adri\AppData\Local\Programs\Microsoft VS Code\bin;C:\Users\Adri\.dotnet\tools;C:\Users\Adri\AppData\Roaming\npm;%USERPROFILE%\AppData\Local\Microsoft\WindowsApps
USERNAME=Adri
OS=Windows_NT
PROCESSOR_IDENTIFIER=Intel64 Family 6 Model 142 Stepping 9, GenuineIntel



---------------  S Y S T E M  ---------------

OS: Windows 10 , 64 bit Build 19041 (10.0.19041.546)

CPU:total 4 (initial active 4) (2 cores per cpu, 2 threads per core) family 6 model 142 stepping 9, cmov, cx8, fxsr, mmx, sse, sse2, sse3, ssse3, sse4.1, sse4.2, popcnt, avx, avx2, aes, clmul, erms, 3dnowpref, lzcnt, ht, tsc, tscinvbit, bmi1, bmi2, adx, fma

Memory: 4k page, system-wide physical 8108M (1345M free)
TotalPageFile size 12716M (AvailPageFile size 4117M)
current process WorkingSet (physical memory assigned to process): 117M, peak: 117M
current process commit charge ("private bytes"): 259M, peak: 263M

vm_info: Java HotSpot(TM) 64-Bit Server VM (12.0.2+10) for windows-amd64 JRE (12.0.2+10), built on Jul 16 2019 01:56:17 by "mach5one" with MS VC++ 15.5 (VS2017)

END.
