#
# A fatal error has been detected by the Java Runtime Environment:
#
#  EXCEPTION_ACCESS_VIOLATION (0xc0000005) at pc=0x00007ff9f066d5f5, pid=15352, tid=2388
#
# JRE version: Java(TM) SE Runtime Environment (12.0.2+10) (build 12.0.2+10)
# Java VM: Java HotSpot(TM) 64-Bit Server VM (12.0.2+10, mixed mode, sharing, tiered, compressed oops, g1 gc, windows-amd64)
# Problematic frame:
# V  [jvm.dll+0x5ed5f5]
#
# No core dump will be written. Minidumps are not enabled by default on client versions of Windows
#
# If you would like to submit a bug report, please visit:
#   http://bugreport.java.com/bugreport/crash.jsp
#

---------------  S U M M A R Y ------------

Command Line: -Dfile.encoding=UTF-8 -agentpath:C:/Program Files (x86)/NetBeans 11.0/profiler/lib/deployed/jdk16/windows-amd64/profilerinterface.dll=C:\Program Files (x86)\NetBeans 11.0\profiler\lib,5140,10 -XX:+HeapDumpOnOutOfMemoryError -XX:HeapDumpPath=C:\Users\Adri\OneDrive - Robert Gordon University\RGU\Year 3\Concurrent Programming\cw2020\nbproject\private\profiler cw2020.GUI

Host: Intel(R) Core(TM) i5-7200U CPU @ 2.50GHz, 4 cores, 7G,  Windows 10 , 64 bit Build 19041 (10.0.19041.546)
Time: Fri Oct 16 11:52:52 2020 Central Europe Summer Time elapsed time: 2 seconds (0d 0h 0m 2s)

---------------  T H R E A D  ---------------

Current thread (0x000001dd5cab1000):  JavaThread "*** Profiler Agent Communication Thread" daemon [_thread_in_vm, id=2388, stack(0x00000089c4400000,0x00000089c4500000)]

Stack: [0x00000089c4400000,0x00000089c4500000],  sp=0x00000089c44fe9a0,  free space=1018k
Native frames: (J=compiled Java code, j=interpreted, Vv=VM code, C=native code)
V  [jvm.dll+0x5ed5f5]
V  [jvm.dll+0x4b52c4]
C  [profilerinterface.dll+0x34da]

Java frames: (J=compiled Java code, j=interpreted, Vv=VM code)
j  org.netbeans.lib.profiler.server.system.Stacks.getMethodNamesForJMethodIds(I[I[I)[B+0
j  org.netbeans.lib.profiler.server.ProfilerInterface.getMethodNamesForJMethodIds([I)Lorg/netbeans/lib/profiler/wireprotocol/MethodNamesResponse;+20
j  org.netbeans.lib.profiler.server.ProfilerServer.handleClientCommand(Lorg/netbeans/lib/profiler/wireprotocol/Command;)V+691
j  org.netbeans.lib.profiler.server.ProfilerServer.listenToClient()V+48
j  org.netbeans.lib.profiler.server.ProfilerServer.run()V+22
v  ~StubRoutines::call_stub

siginfo: EXCEPTION_ACCESS_VIOLATION (0xc0000005), reading address 0x000000005da2da98


Register to memory mapping:

RIP=0x00007ff9f066d5f5 jvm.dll
RAX=0x00000089c44fe901 is pointing into the stack for thread: 0x000001dd5cab1000
RBX=0x000001dd5cab1000 is a thread
RCX=0x000000005da2da98 is an unknown value
RDX=0x000001dd5cab1000 is a thread
RSP=0x00000089c44fe9a0 is pointing into the stack for thread: 0x000001dd5cab1000
RBP=0x000000005da2da98 is an unknown value
RSI=0x00000089c44feac0 is pointing into the stack for thread: 0x000001dd5cab1000
RDI=0x000001dd3ba1ed90 points into unknown readable memory: d0 34 aa f0 f9 7f 00 00
R8 =0x00000089c44feac0 is pointing into the stack for thread: 0x000001dd5cab1000
R9 =0x000000000000015a is an unknown value
R10=0x0 is NULL
R11=0x00000089c44fe998 is pointing into the stack for thread: 0x000001dd5cab1000
R12=0x000001dd5e78a640 points into unknown readable memory: 98 da a2 5d 88 1b 86 5f
R13=0x0000000000000210 is an unknown value
R14=0x00007ffa4dfd9c68 profilerinterface.dll
R15=0x00007ffa4dfd9a60 profilerinterface.dll


Registers:
RAX=0x00000089c44fe901, RBX=0x000001dd5cab1000, RCX=0x000000005da2da98, RDX=0x000001dd5cab1000
RSP=0x00000089c44fe9a0, RBP=0x000000005da2da98, RSI=0x00000089c44feac0, RDI=0x000001dd3ba1ed90
R8 =0x00000089c44feac0, R9 =0x000000000000015a, R10=0x0000000000000000, R11=0x00000089c44fe998
R12=0x000001dd5e78a640, R13=0x0000000000000210, R14=0x00007ffa4dfd9c68, R15=0x00007ffa4dfd9a60
RIP=0x00007ff9f066d5f5, EFLAGS=0x0000000000010202

Top of Stack: (sp=0x00000089c44fe9a0)
0x00000089c44fe9a0:   000001dd5cab1000 00007ff9f04676a3
0x00000089c44fe9b0:   000001dd5cab1000 00000089c44feb78
0x00000089c44fe9c0:   000001dd5cab1000 00007ff9f05352c4
0x00000089c44fe9d0:   0000000000005280 000001dd5cab1000
0x00000089c44fe9e0:   000001dd5cab1330 00007ffa57ba9d40
0x00000089c44fe9f0:   000001dd5cab1000 0000000000000000
0x00000089c44fea00:   000001dd00000000 0000000000000000
0x00000089c44fea10:   000000005da2da98 00007ffa4dfd34da
0x00000089c44fea20:   0000000000000000 000001dd5cab1330
0x00000089c44fea30:   0000000000200021 00000089c44feb70
0x00000089c44fea40:   000001dd5e78a640 00007ff9f0417843
0x00000089c44fea50:   00000089c44ff080 0000000000200021
0x00000089c44fea60:   0000000000200021 000001dd46056895
0x00000089c44fea70:   000001dd5c3cfcf8 000001dd5cab1000
0x00000089c44fea80:   000001dd5cab1000 000001dd5c3cfcf8
0x00000089c44fea90:   0000000000000000 000001dd46009880 

Instructions: (pc=0x00007ff9f066d5f5)
0x00007ff9f066d4f5:   54 24 20 45 33 c0 48 8b 05 9e f7 43 00 48 83 c2
0x00007ff9f066d505:   18 48 8b cf ff d0 48 85 c0 74 20 48 8b 44 24 20
0x00007ff9f066d515:   48 8b d7 48 8b 48 08 48 8b 41 08 48 8b 48 18 48
0x00007ff9f066d525:   8b 89 98 00 00 00 e8 50 f7 ff ff 80 3d 51 9a 4a
0x00007ff9f066d535:   00 00 74 18 48 8b 4c 24 20 48 8b d3 e8 4a 2a 00
0x00007ff9f066d545:   00 48 83 7b 08 00 74 04 33 db eb 09 48 8b 44 24
0x00007ff9f066d555:   20 48 8b 58 18 48 8d 4c 24 20 e8 1c 4f d7 ff 48
0x00007ff9f066d565:   8b 7c 24 40 48 8b c3 48 83 c4 30 5b c3 cc cc cc
0x00007ff9f066d575:   cc cc cc cc cc cc cc cc cc cc cc 48 8b 51 08 4c
0x00007ff9f066d585:   8b c1 48 8b 42 08 0f b6 52 24 c0 ea 06 48 8b 48
0x00007ff9f066d595:   18 8b 81 a4 00 00 00 f6 c2 01 75 27 48 85 c9 74
0x00007ff9f066d5a5:   14 8b c8 c1 e9 09 f6 c1 01 74 0a 41 f7 40 20 02
0x00007ff9f066d5b5:   04 00 00 74 0e 41 8b 48 20 0b c8 f6 c1 10 74 03
0x00007ff9f066d5c5:   b0 01 c3 41 83 78 24 fe 0f 94 c0 c3 cc cc cc cc
0x00007ff9f066d5d5:   cc cc cc cc cc cc cc cc cc cc cc 48 83 ec 28 48
0x00007ff9f066d5e5:   85 c9 75 07 33 c0 48 83 c4 28 c3 48 89 5c 24 20
0x00007ff9f066d5f5:   48 8b 19 48 85 db 74 20 48 83 fb 37 74 1a 48 8b
0x00007ff9f066d605:   13 48 8b cb ff 52 10 84 c0 74 0d 48 8b c3 48 8b
0x00007ff9f066d615:   5c 24 20 48 83 c4 28 c3 33 c0 48 8b 5c 24 20 48
0x00007ff9f066d625:   83 c4 28 c3 cc cc cc cc cc cc cc 40 53 55 41 56
0x00007ff9f066d635:   41 57 48 83 ec 28 48 8b 41 08 33 ed 4c 8b f1 48
0x00007ff9f066d645:   8b 50 08 4c 8b 7a 18 49 8b 9f 78 01 00 00 48 85
0x00007ff9f066d655:   db 0f 84 d5 00 00 00 8b 15 a2 28 4f 00 65 48 8b
0x00007ff9f066d665:   04 25 58 00 00 00 48 89 74 24 50 4c 89 64 24 60
0x00007ff9f066d675:   4c 89 6c 24 20 41 bd ff ff 00 00 4c 8d 24 d0 41
0x00007ff9f066d685:   b8 08 00 00 00 48 89 7c 24 58 90 49 8b 56 08 48
0x00007ff9f066d695:   8b 73 10 0f b7 42 2a 66 39 43 08 75 6c 0f b7 42
0x00007ff9f066d6a5:   2c 66 39 43 0a 75 62 48 63 4b 04 0f b6 03 88 44
0x00007ff9f066d6b5:   11 38 49 8b 04 24 41 8b c8 48 8b 3c 01 49 8b ce
0x00007ff9f066d6c5:   48 8b d7 e8 63 3e bd ff 48 83 7f 08 00 75 0a 48
0x00007ff9f066d6d5:   85 c0 74 05 66 44 01 68 16 48 85 ed 74 14 48 8b
0x00007ff9f066d6e5:   cb 48 89 75 10 e8 91 f2 ac ff 41 b8 08 00 00 00 


Stack slot to memory mapping:
stack at sp + 0 slots: 0x000001dd5cab1000 is a thread
stack at sp + 1 slots: 0x00007ff9f04676a3 jvm.dll
stack at sp + 2 slots: 0x000001dd5cab1000 is a thread
stack at sp + 3 slots: 0x00000089c44feb78 is pointing into the stack for thread: 0x000001dd5cab1000
stack at sp + 4 slots: 0x000001dd5cab1000 is a thread
stack at sp + 5 slots: 0x00007ff9f05352c4 jvm.dll
stack at sp + 6 slots: 0x0000000000005280 is an unknown value
stack at sp + 7 slots: 0x000001dd5cab1000 is a thread


---------------  P R O C E S S  ---------------

Threads class SMR info:
_java_thread_list=0x000001dd5f8739f0, length=20, elements={
0x000001dd5c017000, 0x000001dd5c018800, 0x000001dd5c038800, 0x000001dd5c03b800,
0x000001dd5c03d800, 0x000001dd5c041800, 0x000001dd5c9a9800, 0x000001dd5ca93000,
0x000001dd5cab1000, 0x000001dd5cb2b800, 0x000001dd5cb2f000, 0x000001dd5d5f5000,
0x000001dd5d5f2000, 0x000001dd5d4e6000, 0x000001dd5d556800, 0x000001dd5d557800,
0x000001dd5f35a800, 0x000001dd3dbec800, 0x000001dd5fcdd800, 0x000001dd5dbbc000
}

Java Threads: ( => current thread )
  0x000001dd5c017000 JavaThread "Reference Handler" daemon [_thread_blocked, id=12652, stack(0x00000089c3c00000,0x00000089c3d00000)]
  0x000001dd5c018800 JavaThread "Finalizer" daemon [_thread_blocked, id=15652, stack(0x00000089c3d00000,0x00000089c3e00000)]
  0x000001dd5c038800 JavaThread "Signal Dispatcher" daemon [_thread_blocked, id=19332, stack(0x00000089c3e00000,0x00000089c3f00000)]
  0x000001dd5c03b800 JavaThread "Attach Listener" daemon [_thread_blocked, id=20320, stack(0x00000089c3f00000,0x00000089c4000000)]
  0x000001dd5c03d800 JavaThread "C2 CompilerThread0" daemon [_thread_blocked, id=10964, stack(0x00000089c4000000,0x00000089c4100000)]
  0x000001dd5c041800 JavaThread "C1 CompilerThread0" daemon [_thread_blocked, id=11036, stack(0x00000089c4100000,0x00000089c4200000)]
  0x000001dd5c9a9800 JavaThread "Sweeper thread" daemon [_thread_blocked, id=11832, stack(0x00000089c4200000,0x00000089c4300000)]
  0x000001dd5ca93000 JavaThread "Common-Cleaner" daemon [_thread_blocked, id=20180, stack(0x00000089c4300000,0x00000089c4400000)]
=>0x000001dd5cab1000 JavaThread "*** Profiler Agent Communication Thread" daemon [_thread_in_vm, id=2388, stack(0x00000089c4400000,0x00000089c4500000)]
  0x000001dd5cb2b800 JavaThread "*** JFluid Monitor thread ***" daemon [_thread_blocked, id=12228, stack(0x00000089c4500000,0x00000089c4600000)]
  0x000001dd5cb2f000 JavaThread "*** Profiler Agent Special Execution Thread 6" daemon [_thread_blocked, id=4776, stack(0x00000089c4600000,0x00000089c4700000)]
  0x000001dd5d5f5000 JavaThread "*** Profiler Agent Special Execution Thread 10" daemon [_thread_blocked, id=18248, stack(0x00000089c4800000,0x00000089c4900000)]
  0x000001dd5d5f2000 JavaThread "Service Thread" daemon [_thread_blocked, id=7988, stack(0x00000089c4700000,0x00000089c4800000)]
  0x000001dd5d4e6000 JavaThread "Java2D Disposer" daemon [_thread_blocked, id=17344, stack(0x00000089c4a00000,0x00000089c4b00000)]
  0x000001dd5d556800 JavaThread "AWT-Shutdown" [_thread_blocked, id=9140, stack(0x00000089c4b00000,0x00000089c4c00000)]
  0x000001dd5d557800 JavaThread "AWT-Windows" daemon [_thread_in_native, id=19356, stack(0x00000089c4c00000,0x00000089c4d00000)]
  0x000001dd5f35a800 JavaThread "AWT-EventQueue-0" [_thread_blocked, id=2768, stack(0x00000089c4d00000,0x00000089c4e00000)]
  0x000001dd3dbec800 JavaThread "DestroyJavaVM" [_thread_blocked, id=10000, stack(0x00000089c3500000,0x00000089c3600000)]
  0x000001dd5fcdd800 JavaThread "C2 CompilerThread1" daemon [_thread_blocked, id=1720, stack(0x00000089c4e00000,0x00000089c4f00000)]
  0x000001dd5dbbc000 JavaThread "TimerQueue" daemon [_thread_blocked, id=19516, stack(0x00000089c4f00000,0x00000089c5000000)]

Other Threads:
  0x000001dd5c00f000 VMThread "VM Thread" [stack: 0x00000089c3b00000,0x00000089c3c00000] [id=7112]
  0x000001dd5d5d7800 WatcherThread [stack: 0x00000089c4900000,0x00000089c4a00000] [id=20412]
  0x000001dd3dc2c800 GCTaskThread "GC Thread#0" [stack: 0x00000089c3600000,0x00000089c3700000] [id=18860]
  0x000001dd5f1f6800 GCTaskThread "GC Thread#1" [stack: 0x00000089c5000000,0x00000089c5100000] [id=15768]
  0x000001dd5f1f7800 GCTaskThread "GC Thread#2" [stack: 0x00000089c5100000,0x00000089c5200000] [id=14608]
  0x000001dd5f1f8000 GCTaskThread "GC Thread#3" [stack: 0x00000089c5200000,0x00000089c5300000] [id=17268]
  0x000001dd3dc3a800 ConcurrentGCThread "G1 Main Marker" [stack: 0x00000089c3700000,0x00000089c3800000] [id=19172]
  0x000001dd3dc3d000 ConcurrentGCThread "G1 Conc#0" [stack: 0x00000089c3800000,0x00000089c3900000] [id=18976]
  0x000001dd3dccd000 ConcurrentGCThread "G1 Refine#0" [stack: 0x00000089c3900000,0x00000089c3a00000] [id=8388]
  0x000001dd5caba000 ConcurrentGCThread "G1 Refine#1" [stack: 0x00000089c5300000,0x00000089c5400000] [id=17052]
  0x000001dd5da6b000 ConcurrentGCThread "G1 Refine#2" [stack: 0x00000089c5400000,0x00000089c5500000] [id=10672]
  0x000001dd3dcce000 ConcurrentGCThread "G1 Young RemSet Sampling" [stack: 0x00000089c3a00000,0x00000089c3b00000] [id=17692]

Threads with active compile tasks:

VM state:synchronizing (normal execution)

VM Mutex/Monitor currently owned by a thread:  ([mutex/lock_event])
[0x000001dd3dbea290] Threads_lock - owner thread: 0x000001dd5c00f000

Heap address: 0x0000000081400000, size: 2028 MB, Compressed Oops mode: 32-bit
Narrow klass base: 0x0000000800000000, Narrow klass shift: 3
Compressed class space size: 1073741824 Address: 0x0000000801190000

Heap:
 garbage-first heap   total 131072K, used 8128K [0x0000000081400000, 0x0000000100000000)
  region size 1024K, 5 young (5120K), 2 survivors (2048K)
 Metaspace       used 14618K, capacity 15069K, committed 15360K, reserved 1062912K
  class space    used 1763K, capacity 1966K, committed 2048K, reserved 1048576K
Heap Regions: E=young(eden), S=young(survivor), O=old, HS=humongous(starts), HC=humongous(continues), CS=collection set, F=free, A=archive, TAMS=top-at-mark-start (previous, next)
|   0|0x0000000081400000, 0x0000000081500000, 0x0000000081500000|100%|HS|  |TAMS 0x0000000081400000, 0x0000000081400000| Complete 
|   1|0x0000000081500000, 0x0000000081600000, 0x0000000081600000|100%|HC|  |TAMS 0x0000000081500000, 0x0000000081500000| Complete 
|   2|0x0000000081600000, 0x0000000081700000, 0x0000000081700000|100%| O|  |TAMS 0x0000000081600000, 0x0000000081600000| Untracked 
|   3|0x0000000081700000, 0x00000000817f0000, 0x0000000081800000| 93%| O|  |TAMS 0x0000000081700000, 0x0000000081700000| Untracked 
|   4|0x0000000081800000, 0x0000000081800000, 0x0000000081900000|  0%| F|  |TAMS 0x0000000081800000, 0x0000000081800000| Untracked 
|   5|0x0000000081900000, 0x0000000081900000, 0x0000000081a00000|  0%| F|  |TAMS 0x0000000081900000, 0x0000000081900000| Untracked 
|   6|0x0000000081a00000, 0x0000000081a00000, 0x0000000081b00000|  0%| F|  |TAMS 0x0000000081a00000, 0x0000000081a00000| Untracked 
|   7|0x0000000081b00000, 0x0000000081b00000, 0x0000000081c00000|  0%| F|  |TAMS 0x0000000081b00000, 0x0000000081b00000| Untracked 
|   8|0x0000000081c00000, 0x0000000081c00000, 0x0000000081d00000|  0%| F|  |TAMS 0x0000000081c00000, 0x0000000081c00000| Untracked 
|   9|0x0000000081d00000, 0x0000000081d00000, 0x0000000081e00000|  0%| F|  |TAMS 0x0000000081d00000, 0x0000000081d00000| Untracked 
|  10|0x0000000081e00000, 0x0000000081e00000, 0x0000000081f00000|  0%| F|  |TAMS 0x0000000081e00000, 0x0000000081e00000| Untracked 
|  11|0x0000000081f00000, 0x0000000081f00000, 0x0000000082000000|  0%| F|  |TAMS 0x0000000081f00000, 0x0000000081f00000| Untracked 
|  12|0x0000000082000000, 0x0000000082000000, 0x0000000082100000|  0%| F|  |TAMS 0x0000000082000000, 0x0000000082000000| Untracked 
|  13|0x0000000082100000, 0x0000000082100000, 0x0000000082200000|  0%| F|  |TAMS 0x0000000082100000, 0x0000000082100000| Untracked 
|  14|0x0000000082200000, 0x0000000082200000, 0x0000000082300000|  0%| F|  |TAMS 0x0000000082200000, 0x0000000082200000| Untracked 
|  15|0x0000000082300000, 0x0000000082300000, 0x0000000082400000|  0%| F|  |TAMS 0x0000000082300000, 0x0000000082300000| Untracked 
|  16|0x0000000082400000, 0x0000000082400000, 0x0000000082500000|  0%| F|  |TAMS 0x0000000082400000, 0x0000000082400000| Untracked 
|  17|0x0000000082500000, 0x0000000082500000, 0x0000000082600000|  0%| F|  |TAMS 0x0000000082500000, 0x0000000082500000| Untracked 
|  18|0x0000000082600000, 0x0000000082600000, 0x0000000082700000|  0%| F|  |TAMS 0x0000000082600000, 0x0000000082600000| Untracked 
|  19|0x0000000082700000, 0x0000000082700000, 0x0000000082800000|  0%| F|  |TAMS 0x0000000082700000, 0x0000000082700000| Untracked 
|  20|0x0000000082800000, 0x0000000082800000, 0x0000000082900000|  0%| F|  |TAMS 0x0000000082800000, 0x0000000082800000| Untracked 
|  21|0x0000000082900000, 0x0000000082900000, 0x0000000082a00000|  0%| F|  |TAMS 0x0000000082900000, 0x0000000082900000| Untracked 
|  22|0x0000000082a00000, 0x0000000082a00000, 0x0000000082b00000|  0%| F|  |TAMS 0x0000000082a00000, 0x0000000082a00000| Untracked 
|  23|0x0000000082b00000, 0x0000000082b00000, 0x0000000082c00000|  0%| F|  |TAMS 0x0000000082b00000, 0x0000000082b00000| Untracked 
|  24|0x0000000082c00000, 0x0000000082c00000, 0x0000000082d00000|  0%| F|  |TAMS 0x0000000082c00000, 0x0000000082c00000| Untracked 
|  25|0x0000000082d00000, 0x0000000082d00000, 0x0000000082e00000|  0%| F|  |TAMS 0x0000000082d00000, 0x0000000082d00000| Untracked 
|  26|0x0000000082e00000, 0x0000000082e00000, 0x0000000082f00000|  0%| F|  |TAMS 0x0000000082e00000, 0x0000000082e00000| Untracked 
|  27|0x0000000082f00000, 0x0000000082f00000, 0x0000000083000000|  0%| F|  |TAMS 0x0000000082f00000, 0x0000000082f00000| Untracked 
|  28|0x0000000083000000, 0x0000000083000000, 0x0000000083100000|  0%| F|  |TAMS 0x0000000083000000, 0x0000000083000000| Untracked 
|  29|0x0000000083100000, 0x0000000083100000, 0x0000000083200000|  0%| F|  |TAMS 0x0000000083100000, 0x0000000083100000| Untracked 
|  30|0x0000000083200000, 0x0000000083200000, 0x0000000083300000|  0%| F|  |TAMS 0x0000000083200000, 0x0000000083200000| Untracked 
|  31|0x0000000083300000, 0x0000000083300000, 0x0000000083400000|  0%| F|  |TAMS 0x0000000083300000, 0x0000000083300000| Untracked 
|  32|0x0000000083400000, 0x0000000083400000, 0x0000000083500000|  0%| F|  |TAMS 0x0000000083400000, 0x0000000083400000| Untracked 
|  33|0x0000000083500000, 0x0000000083500000, 0x0000000083600000|  0%| F|  |TAMS 0x0000000083500000, 0x0000000083500000| Untracked 
|  34|0x0000000083600000, 0x0000000083600000, 0x0000000083700000|  0%| F|  |TAMS 0x0000000083600000, 0x0000000083600000| Untracked 
|  35|0x0000000083700000, 0x0000000083700000, 0x0000000083800000|  0%| F|  |TAMS 0x0000000083700000, 0x0000000083700000| Untracked 
|  36|0x0000000083800000, 0x0000000083800000, 0x0000000083900000|  0%| F|  |TAMS 0x0000000083800000, 0x0000000083800000| Untracked 
|  37|0x0000000083900000, 0x0000000083900000, 0x0000000083a00000|  0%| F|  |TAMS 0x0000000083900000, 0x0000000083900000| Untracked 
|  38|0x0000000083a00000, 0x0000000083a00000, 0x0000000083b00000|  0%| F|  |TAMS 0x0000000083a00000, 0x0000000083a00000| Untracked 
|  39|0x0000000083b00000, 0x0000000083b00000, 0x0000000083c00000|  0%| F|  |TAMS 0x0000000083b00000, 0x0000000083b00000| Untracked 
|  40|0x0000000083c00000, 0x0000000083c00000, 0x0000000083d00000|  0%| F|  |TAMS 0x0000000083c00000, 0x0000000083c00000| Untracked 
|  41|0x0000000083d00000, 0x0000000083d00000, 0x0000000083e00000|  0%| F|  |TAMS 0x0000000083d00000, 0x0000000083d00000| Untracked 
|  42|0x0000000083e00000, 0x0000000083e00000, 0x0000000083f00000|  0%| F|  |TAMS 0x0000000083e00000, 0x0000000083e00000| Untracked 
|  43|0x0000000083f00000, 0x0000000083f00000, 0x0000000084000000|  0%| F|  |TAMS 0x0000000083f00000, 0x0000000083f00000| Untracked 
|  44|0x0000000084000000, 0x0000000084000000, 0x0000000084100000|  0%| F|  |TAMS 0x0000000084000000, 0x0000000084000000| Untracked 
|  45|0x0000000084100000, 0x0000000084100000, 0x0000000084200000|  0%| F|  |TAMS 0x0000000084100000, 0x0000000084100000| Untracked 
|  46|0x0000000084200000, 0x0000000084200000, 0x0000000084300000|  0%| F|  |TAMS 0x0000000084200000, 0x0000000084200000| Untracked 
|  47|0x0000000084300000, 0x0000000084300000, 0x0000000084400000|  0%| F|  |TAMS 0x0000000084300000, 0x0000000084300000| Untracked 
|  48|0x0000000084400000, 0x0000000084400000, 0x0000000084500000|  0%| F|  |TAMS 0x0000000084400000, 0x0000000084400000| Untracked 
|  49|0x0000000084500000, 0x0000000084500000, 0x0000000084600000|  0%| F|  |TAMS 0x0000000084500000, 0x0000000084500000| Untracked 
|  50|0x0000000084600000, 0x0000000084600000, 0x0000000084700000|  0%| F|  |TAMS 0x0000000084600000, 0x0000000084600000| Untracked 
|  51|0x0000000084700000, 0x0000000084700000, 0x0000000084800000|  0%| F|  |TAMS 0x0000000084700000, 0x0000000084700000| Untracked 
|  52|0x0000000084800000, 0x0000000084800000, 0x0000000084900000|  0%| F|  |TAMS 0x0000000084800000, 0x0000000084800000| Untracked 
|  53|0x0000000084900000, 0x0000000084900000, 0x0000000084a00000|  0%| F|  |TAMS 0x0000000084900000, 0x0000000084900000| Untracked 
|  54|0x0000000084a00000, 0x0000000084a00000, 0x0000000084b00000|  0%| F|  |TAMS 0x0000000084a00000, 0x0000000084a00000| Untracked 
|  55|0x0000000084b00000, 0x0000000084b00000, 0x0000000084c00000|  0%| F|  |TAMS 0x0000000084b00000, 0x0000000084b00000| Untracked 
|  56|0x0000000084c00000, 0x0000000084c00000, 0x0000000084d00000|  0%| F|  |TAMS 0x0000000084c00000, 0x0000000084c00000| Untracked 
|  57|0x0000000084d00000, 0x0000000084d00000, 0x0000000084e00000|  0%| F|  |TAMS 0x0000000084d00000, 0x0000000084d00000| Untracked 
|  58|0x0000000084e00000, 0x0000000084e00000, 0x0000000084f00000|  0%| F|  |TAMS 0x0000000084e00000, 0x0000000084e00000| Untracked 
|  59|0x0000000084f00000, 0x0000000084f00000, 0x0000000085000000|  0%| F|  |TAMS 0x0000000084f00000, 0x0000000084f00000| Untracked 
|  60|0x0000000085000000, 0x0000000085000000, 0x0000000085100000|  0%| F|  |TAMS 0x0000000085000000, 0x0000000085000000| Untracked 
|  61|0x0000000085100000, 0x0000000085100000, 0x0000000085200000|  0%| F|  |TAMS 0x0000000085100000, 0x0000000085100000| Untracked 
|  62|0x0000000085200000, 0x0000000085200000, 0x0000000085300000|  0%| F|  |TAMS 0x0000000085200000, 0x0000000085200000| Untracked 
|  63|0x0000000085300000, 0x0000000085300000, 0x0000000085400000|  0%| F|  |TAMS 0x0000000085300000, 0x0000000085300000| Untracked 
|  64|0x0000000085400000, 0x0000000085400000, 0x0000000085500000|  0%| F|  |TAMS 0x0000000085400000, 0x0000000085400000| Untracked 
|  65|0x0000000085500000, 0x0000000085500000, 0x0000000085600000|  0%| F|  |TAMS 0x0000000085500000, 0x0000000085500000| Untracked 
|  66|0x0000000085600000, 0x0000000085600000, 0x0000000085700000|  0%| F|  |TAMS 0x0000000085600000, 0x0000000085600000| Untracked 
|  67|0x0000000085700000, 0x0000000085700000, 0x0000000085800000|  0%| F|  |TAMS 0x0000000085700000, 0x0000000085700000| Untracked 
|  68|0x0000000085800000, 0x0000000085800000, 0x0000000085900000|  0%| F|  |TAMS 0x0000000085800000, 0x0000000085800000| Untracked 
|  69|0x0000000085900000, 0x0000000085900000, 0x0000000085a00000|  0%| F|  |TAMS 0x0000000085900000, 0x0000000085900000| Untracked 
|  70|0x0000000085a00000, 0x0000000085a00000, 0x0000000085b00000|  0%| F|  |TAMS 0x0000000085a00000, 0x0000000085a00000| Untracked 
|  71|0x0000000085b00000, 0x0000000085b00000, 0x0000000085c00000|  0%| F|  |TAMS 0x0000000085b00000, 0x0000000085b00000| Untracked 
|  72|0x0000000085c00000, 0x0000000085c00000, 0x0000000085d00000|  0%| F|  |TAMS 0x0000000085c00000, 0x0000000085c00000| Untracked 
|  73|0x0000000085d00000, 0x0000000085d00000, 0x0000000085e00000|  0%| F|  |TAMS 0x0000000085d00000, 0x0000000085d00000| Untracked 
|  74|0x0000000085e00000, 0x0000000085e00000, 0x0000000085f00000|  0%| F|  |TAMS 0x0000000085e00000, 0x0000000085e00000| Untracked 
|  75|0x0000000085f00000, 0x0000000085f00000, 0x0000000086000000|  0%| F|  |TAMS 0x0000000085f00000, 0x0000000085f00000| Untracked 
|  76|0x0000000086000000, 0x0000000086000000, 0x0000000086100000|  0%| F|  |TAMS 0x0000000086000000, 0x0000000086000000| Untracked 
|  77|0x0000000086100000, 0x0000000086100000, 0x0000000086200000|  0%| F|  |TAMS 0x0000000086100000, 0x0000000086100000| Untracked 
|  78|0x0000000086200000, 0x0000000086200000, 0x0000000086300000|  0%| F|  |TAMS 0x0000000086200000, 0x0000000086200000| Untracked 
|  79|0x0000000086300000, 0x0000000086300000, 0x0000000086400000|  0%| F|  |TAMS 0x0000000086300000, 0x0000000086300000| Untracked 
|  80|0x0000000086400000, 0x0000000086400000, 0x0000000086500000|  0%| F|  |TAMS 0x0000000086400000, 0x0000000086400000| Untracked 
|  81|0x0000000086500000, 0x0000000086500000, 0x0000000086600000|  0%| F|  |TAMS 0x0000000086500000, 0x0000000086500000| Untracked 
|  82|0x0000000086600000, 0x0000000086600000, 0x0000000086700000|  0%| F|  |TAMS 0x0000000086600000, 0x0000000086600000| Untracked 
|  83|0x0000000086700000, 0x0000000086700000, 0x0000000086800000|  0%| F|  |TAMS 0x0000000086700000, 0x0000000086700000| Untracked 
|  84|0x0000000086800000, 0x0000000086800000, 0x0000000086900000|  0%| F|  |TAMS 0x0000000086800000, 0x0000000086800000| Untracked 
|  85|0x0000000086900000, 0x0000000086900000, 0x0000000086a00000|  0%| F|  |TAMS 0x0000000086900000, 0x0000000086900000| Untracked 
|  86|0x0000000086a00000, 0x0000000086a00000, 0x0000000086b00000|  0%| F|  |TAMS 0x0000000086a00000, 0x0000000086a00000| Untracked 
|  87|0x0000000086b00000, 0x0000000086b00000, 0x0000000086c00000|  0%| F|  |TAMS 0x0000000086b00000, 0x0000000086b00000| Untracked 
|  88|0x0000000086c00000, 0x0000000086c00000, 0x0000000086d00000|  0%| F|  |TAMS 0x0000000086c00000, 0x0000000086c00000| Untracked 
|  89|0x0000000086d00000, 0x0000000086d00000, 0x0000000086e00000|  0%| F|  |TAMS 0x0000000086d00000, 0x0000000086d00000| Untracked 
|  90|0x0000000086e00000, 0x0000000086e00000, 0x0000000086f00000|  0%| F|  |TAMS 0x0000000086e00000, 0x0000000086e00000| Untracked 
|  91|0x0000000086f00000, 0x0000000086f00000, 0x0000000087000000|  0%| F|  |TAMS 0x0000000086f00000, 0x0000000086f00000| Untracked 
|  92|0x0000000087000000, 0x0000000087000000, 0x0000000087100000|  0%| F|  |TAMS 0x0000000087000000, 0x0000000087000000| Untracked 
|  93|0x0000000087100000, 0x0000000087100000, 0x0000000087200000|  0%| F|  |TAMS 0x0000000087100000, 0x0000000087100000| Untracked 
|  94|0x0000000087200000, 0x0000000087200000, 0x0000000087300000|  0%| F|  |TAMS 0x0000000087200000, 0x0000000087200000| Untracked 
|  95|0x0000000087300000, 0x0000000087300000, 0x0000000087400000|  0%| F|  |TAMS 0x0000000087300000, 0x0000000087300000| Untracked 
|  96|0x0000000087400000, 0x0000000087400000, 0x0000000087500000|  0%| F|  |TAMS 0x0000000087400000, 0x0000000087400000| Untracked 
|  97|0x0000000087500000, 0x0000000087500000, 0x0000000087600000|  0%| F|  |TAMS 0x0000000087500000, 0x0000000087500000| Untracked 
|  98|0x0000000087600000, 0x0000000087600000, 0x0000000087700000|  0%| F|  |TAMS 0x0000000087600000, 0x0000000087600000| Untracked 
|  99|0x0000000087700000, 0x0000000087700000, 0x0000000087800000|  0%| F|  |TAMS 0x0000000087700000, 0x0000000087700000| Untracked 
| 100|0x0000000087800000, 0x0000000087800000, 0x0000000087900000|  0%| F|  |TAMS 0x0000000087800000, 0x0000000087800000| Untracked 
| 101|0x0000000087900000, 0x0000000087900000, 0x0000000087a00000|  0%| F|  |TAMS 0x0000000087900000, 0x0000000087900000| Untracked 
| 102|0x0000000087a00000, 0x0000000087a00000, 0x0000000087b00000|  0%| F|  |TAMS 0x0000000087a00000, 0x0000000087a00000| Untracked 
| 103|0x0000000087b00000, 0x0000000087b00000, 0x0000000087c00000|  0%| F|  |TAMS 0x0000000087b00000, 0x0000000087b00000| Untracked 
| 104|0x0000000087c00000, 0x0000000087c00000, 0x0000000087d00000|  0%| F|  |TAMS 0x0000000087c00000, 0x0000000087c00000| Untracked 
| 105|0x0000000087d00000, 0x0000000087d00000, 0x0000000087e00000|  0%| F|  |TAMS 0x0000000087d00000, 0x0000000087d00000| Untracked 
| 106|0x0000000087e00000, 0x0000000087e00000, 0x0000000087f00000|  0%| F|  |TAMS 0x0000000087e00000, 0x0000000087e00000| Untracked 
| 107|0x0000000087f00000, 0x0000000087f00000, 0x0000000088000000|  0%| F|  |TAMS 0x0000000087f00000, 0x0000000087f00000| Untracked 
| 108|0x0000000088000000, 0x0000000088000000, 0x0000000088100000|  0%| F|  |TAMS 0x0000000088000000, 0x0000000088000000| Untracked 
| 109|0x0000000088100000, 0x0000000088100000, 0x0000000088200000|  0%| F|  |TAMS 0x0000000088100000, 0x0000000088100000| Untracked 
| 110|0x0000000088200000, 0x0000000088200000, 0x0000000088300000|  0%| F|  |TAMS 0x0000000088200000, 0x0000000088200000| Untracked 
| 111|0x0000000088300000, 0x0000000088300000, 0x0000000088400000|  0%| F|  |TAMS 0x0000000088300000, 0x0000000088300000| Untracked 
| 112|0x0000000088400000, 0x0000000088500000, 0x0000000088500000|100%| S|CS|TAMS 0x0000000088400000, 0x0000000088400000| Complete 
| 113|0x0000000088500000, 0x0000000088600000, 0x0000000088600000|100%| S|CS|TAMS 0x0000000088500000, 0x0000000088500000| Complete 
| 114|0x0000000088600000, 0x0000000088600000, 0x0000000088700000|  0%| F|  |TAMS 0x0000000088600000, 0x0000000088600000| Untracked 
| 115|0x0000000088700000, 0x0000000088700000, 0x0000000088800000|  0%| F|  |TAMS 0x0000000088700000, 0x0000000088700000| Untracked 
| 116|0x0000000088800000, 0x0000000088800000, 0x0000000088900000|  0%| F|  |TAMS 0x0000000088800000, 0x0000000088800000| Untracked 
| 117|0x0000000088900000, 0x0000000088900000, 0x0000000088a00000|  0%| F|  |TAMS 0x0000000088900000, 0x0000000088900000| Untracked 
| 118|0x0000000088a00000, 0x0000000088a00000, 0x0000000088b00000|  0%| F|  |TAMS 0x0000000088a00000, 0x0000000088a00000| Untracked 
| 119|0x0000000088b00000, 0x0000000088b00000, 0x0000000088c00000|  0%| F|  |TAMS 0x0000000088b00000, 0x0000000088b00000| Untracked 
| 120|0x0000000088c00000, 0x0000000088c00000, 0x0000000088d00000|  0%| F|  |TAMS 0x0000000088c00000, 0x0000000088c00000| Untracked 
| 121|0x0000000088d00000, 0x0000000088d00000, 0x0000000088e00000|  0%| F|  |TAMS 0x0000000088d00000, 0x0000000088d00000| Untracked 
| 122|0x0000000088e00000, 0x0000000088e00000, 0x0000000088f00000|  0%| F|  |TAMS 0x0000000088e00000, 0x0000000088e00000| Untracked 
| 123|0x0000000088f00000, 0x0000000088f00000, 0x0000000089000000|  0%| F|  |TAMS 0x0000000088f00000, 0x0000000088f00000| Untracked 
| 124|0x0000000089000000, 0x0000000089000000, 0x0000000089100000|  0%| F|  |TAMS 0x0000000089000000, 0x0000000089000000| Untracked 
| 125|0x0000000089100000, 0x0000000089200000, 0x0000000089200000|100%| E|  |TAMS 0x0000000089100000, 0x0000000089100000| Complete 
| 126|0x0000000089200000, 0x0000000089300000, 0x0000000089300000|100%| E|CS|TAMS 0x0000000089200000, 0x0000000089200000| Complete 
| 127|0x0000000089300000, 0x0000000089400000, 0x0000000089400000|100%| E|CS|TAMS 0x0000000089300000, 0x0000000089300000| Complete 

Card table byte_map: [0x000001dd55400000,0x000001dd55800000] _byte_map_base: 0x000001dd54ff6000

Marking Bits (Prev, Next): (CMBitMap*) 0x000001dd3dc2d9a8, (CMBitMap*) 0x000001dd3dc2d9e8
 Prev Bits: [0x000001dd55c00000, 0x000001dd57bb0000)
 Next Bits: [0x000001dd57bb0000, 0x000001dd59b60000)

Polling page: 0x000001dd3bb40000

Metaspace:

Usage:
  Non-class:     12.80 MB capacity,    12.55 MB ( 98%) used,   206.98 KB (  2%) free+waste,    40.63 KB ( <1%) overhead. 
      Class:      1.92 MB capacity,     1.72 MB ( 90%) used,   179.58 KB (  9%) free+waste,    22.88 KB (  1%) overhead. 
       Both:     14.72 MB capacity,    14.28 MB ( 97%) used,   386.56 KB (  3%) free+waste,    63.50 KB ( <1%) overhead. 

Virtual space:
  Non-class space:       14.00 MB reserved,      13.00 MB ( 93%) committed 
      Class space:        1.00 GB reserved,       2.00 MB ( <1%) committed 
             Both:        1.01 GB reserved,      15.00 MB (  1%) committed 

Chunk freelists:
   Non-Class:  2.13 KB
       Class:  2.25 KB
        Both:  4.38 KB

CodeHeap 'non-profiled nmethods': size=120064Kb used=460Kb max_used=460Kb free=119603Kb
 bounds [0x000001dd4dac0000, 0x000001dd4dd30000, 0x000001dd55000000]
CodeHeap 'profiled nmethods': size=120000Kb used=2961Kb max_used=2961Kb free=117038Kb
 bounds [0x000001dd46590000, 0x000001dd46880000, 0x000001dd4dac0000]
CodeHeap 'non-nmethods': size=5696Kb used=1255Kb max_used=1267Kb free=4440Kb
 bounds [0x000001dd46000000, 0x000001dd46270000, 0x000001dd46590000]
 total_blobs=2392 nmethods=1529 adapters=541
 compilation: enabled
              stopped_count=0, restarted_count=0
 full_count=0

Compilation events (10 events):
Event: 2.157 Thread 0x000001dd5c041800 nmethod 1515 0x000001dd46870490 code [0x000001dd46870660, 0x000001dd46870810]
Event: 2.157 Thread 0x000001dd5c041800 1516       3       java.io.ObjectInputStream$BlockDataInputStream::readInt (73 bytes)
Event: 2.157 Thread 0x000001dd5c041800 nmethod 1516 0x000001dd46870910 code [0x000001dd46870b00, 0x000001dd46870e10]
Event: 2.157 Thread 0x000001dd5c041800 1519       3       java.awt.Container::hasHeavyweightDescendants (17 bytes)
Event: 2.157 Thread 0x000001dd5c041800 nmethod 1519 0x000001dd46870f10 code [0x000001dd46871100, 0x000001dd46871500]
Event: 2.157 Thread 0x000001dd5c041800 1520       3       javax.swing.GroupLayout$ComponentInfo::isLinked (49 bytes)
Event: 2.158 Thread 0x000001dd5c041800 nmethod 1520 0x000001dd46871610 code [0x000001dd468717e0, 0x000001dd46871a78]
Event: 2.158 Thread 0x000001dd5c041800 1521       3       javax.swing.GroupLayout$ComponentSpring::calculateNonlinkedPreferredSize (65 bytes)
Event: 2.158 Thread 0x000001dd5c041800 nmethod 1521 0x000001dd46871b10 code [0x000001dd46871d20, 0x000001dd468721e0]
Event: 2.158 Thread 0x000001dd5c041800 1523       3       javax.swing.GroupLayout$ParallelGroup::setValidSize (46 bytes)

GC Heap History (2 events):
Event: 2.032 GC heap before
{Heap before GC invocations=0 (full 0):
 garbage-first heap   total 131072K, used 16384K [0x0000000081400000, 0x0000000100000000)
  region size 1024K, 14 young (14336K), 0 survivors (0K)
 Metaspace       used 14191K, capacity 14652K, committed 14848K, reserved 1062912K
  class space    used 1727K, capacity 1934K, committed 2048K, reserved 1048576K
}
Event: 2.039 GC heap after
{Heap after GC invocations=1 (full 0):
 garbage-first heap   total 131072K, used 6080K [0x0000000081400000, 0x0000000100000000)
  region size 1024K, 2 young (2048K), 2 survivors (2048K)
 Metaspace       used 14191K, capacity 14652K, committed 14848K, reserved 1062912K
  class space    used 1727K, capacity 1934K, committed 2048K, reserved 1048576K
}

Deoptimization events (10 events):
Event: 1.881 Thread 0x000001dd5f35a800 Uncommon trap: reason=class_check action=maybe_recompile pc=0x000001dd4db10d08 method=javax.swing.plaf.nimbus.DerivedColor$UIResource.equals(Ljava/lang/Object;)Z @ 1 c2
Event: 1.881 Thread 0x000001dd5f35a800 Uncommon trap: reason=class_check action=maybe_recompile pc=0x000001dd4db10d08 method=javax.swing.plaf.nimbus.DerivedColor$UIResource.equals(Ljava/lang/Object;)Z @ 1 c2
Event: 1.881 Thread 0x000001dd5f35a800 Uncommon trap: reason=class_check action=maybe_recompile pc=0x000001dd4db10d08 method=javax.swing.plaf.nimbus.DerivedColor$UIResource.equals(Ljava/lang/Object;)Z @ 1 c2
Event: 1.892 Thread 0x000001dd5f35a800 Uncommon trap: reason=unstable_if action=reinterpret pc=0x000001dd4dae80ac method=java.lang.CharacterData.of(I)Ljava/lang/CharacterData; @ 4 c2
Event: 1.893 Thread 0x000001dd5f35a800 Uncommon trap: reason=unstable_if action=reinterpret pc=0x000001dd4dad0dd8 method=java.lang.String.hashCode()I @ 22 c2
Event: 1.910 Thread 0x000001dd5f35a800 Uncommon trap: reason=unstable_if action=reinterpret pc=0x000001dd4dadec54 method=java.lang.String.equals(Ljava/lang/Object;)Z @ 27 c2
Event: 2.082 Thread 0x000001dd5f35a800 Uncommon trap: reason=class_check action=maybe_recompile pc=0x000001dd4db1b88c method=java.lang.String.equals(Ljava/lang/Object;)Z @ 8 c2
Event: 2.134 Thread 0x000001dd5f35a800 Uncommon trap: reason=class_check action=maybe_recompile pc=0x000001dd4db1b88c method=java.lang.String.equals(Ljava/lang/Object;)Z @ 8 c2
Event: 2.134 Thread 0x000001dd5f35a800 Uncommon trap: reason=class_check action=maybe_recompile pc=0x000001dd4db1b88c method=java.lang.String.equals(Ljava/lang/Object;)Z @ 8 c2
Event: 2.136 Thread 0x000001dd5f35a800 Uncommon trap: reason=class_check action=maybe_recompile pc=0x000001dd4db1b88c method=java.lang.String.equals(Ljava/lang/Object;)Z @ 8 c2

Classes redefined (0 events):
No events

Internal exceptions (10 events):
Event: 1.694 Thread 0x000001dd3dbec800 Implicit null exception at 0x000001dd4daf5e88 to 0x000001dd4daf5f1a
Event: 1.696 Thread 0x000001dd3dbec800 Exception <a 'java/lang/ClassNotFoundException'{0x0000000088ab86c0}: com/sun/swing/internal/plaf/metal/resources/spi/metalProvider> (0x0000000088ab86c0) thrown at [t:/workspace/open/src/hotspot/share/classfile/systemDictionary.cpp, line 235]
Event: 1.697 Thread 0x000001dd3dbec800 Exception <a 'java/lang/ClassNotFoundException'{0x0000000088abc8f0}: com/sun/swing/internal/plaf/basic/resources/spi/basicProvider> (0x0000000088abc8f0) thrown at [t:/workspace/open/src/hotspot/share/classfile/systemDictionary.cpp, line 235]
Event: 1.726 Thread 0x000001dd5f35a800 Exception <a 'java/lang/ClassNotFoundException'{0x0000000088955f68}: com/sun/swing/internal/plaf/synth/resources/spi/synthProvider> (0x0000000088955f68) thrown at [t:/workspace/open/src/hotspot/share/classfile/systemDictionary.cpp, line 235]
Event: 1.919 Thread 0x000001dd5f35a800 Exception <a 'java/io/FileNotFoundException'{0x000000008874ea18}> (0x000000008874ea18) thrown at [t:/workspace/open/src/hotspot/share/prims/jni.cpp, line 615]
Event: 1.934 Thread 0x000001dd5f35a800 Exception <a 'java/io/FileNotFoundException'{0x000000008878db78}> (0x000000008878db78) thrown at [t:/workspace/open/src/hotspot/share/prims/jni.cpp, line 615]
Event: 1.946 Thread 0x000001dd5f35a800 Exception <a 'java/io/FileNotFoundException'{0x00000000887c7af0}> (0x00000000887c7af0) thrown at [t:/workspace/open/src/hotspot/share/prims/jni.cpp, line 615]
Event: 1.960 Thread 0x000001dd5f35a800 Exception <a 'java/io/FileNotFoundException'{0x0000000088609aa0}> (0x0000000088609aa0) thrown at [t:/workspace/open/src/hotspot/share/prims/jni.cpp, line 615]
Event: 2.017 Thread 0x000001dd5f35a800 Exception <a 'java/lang/NoSuchMethodError'{0x0000000088683d28}: java.lang.invoke.DirectMethodHandle$Holder.invokeStaticInit(Ljava/lang/Object;)V> (0x0000000088683d28) thrown at [t:/workspace/open/src/hotspot/share/interpreter/linkResolver.cpp, line 777]
Event: 2.025 Thread 0x000001dd5f35a800 Exception <a 'java/lang/NoSuchMethodError'{0x00000000886f7058}: java.lang.invoke.Invokers$Holder.linkToTargetMethod(Ljava/lang/Object;ILjava/lang/Object;)Ljava/lang/Object;> (0x00000000886f7058) thrown at [t:/workspace/open/src/hotspot/share/interpreter/l

Events (10 events):
Event: 2.142 loading class org/netbeans/lib/profiler/wireprotocol/EventBufferDumpedCommand
Event: 2.142 loading class org/netbeans/lib/profiler/wireprotocol/EventBufferDumpedCommand done
Event: 2.148 Executing VM operation: GetAllStackTraces
Event: 2.149 Executing VM operation: GetAllStackTraces done
Event: 2.149 loading class org/netbeans/lib/profiler/wireprotocol/DumpResultsResponse
Event: 2.149 loading class org/netbeans/lib/profiler/wireprotocol/DumpResultsResponse done
Event: 2.150 loading class jdk/internal/math/FDBigInteger
Event: 2.151 loading class jdk/internal/math/FDBigInteger done
Event: 2.155 loading class org/netbeans/lib/profiler/wireprotocol/GetMethodNamesForJMethodIdsCommand
Event: 2.155 loading class org/netbeans/lib/profiler/wireprotocol/GetMethodNamesForJMethodIdsCommand done


Dynamic libraries:
0x00007ff6dbf40000 - 0x00007ff6dbf4f000 	C:\Program Files\Java\jdk-12.0.2\bin\java.exe
0x00007ffa59af0000 - 0x00007ffa59ce6000 	C:\WINDOWS\SYSTEM32\ntdll.dll
0x00007ffa46980000 - 0x00007ffa46992000 	C:\Program Files\AVAST Software\Avast\aswhook.dll
0x00007ffa58570000 - 0x00007ffa5862d000 	C:\WINDOWS\System32\KERNEL32.DLL
0x00007ffa572f0000 - 0x00007ffa575b8000 	C:\WINDOWS\System32\KERNELBASE.dll
0x00007ffa577a0000 - 0x00007ffa578a0000 	C:\WINDOWS\System32\ucrtbase.dll
0x00007ffa4dfe0000 - 0x00007ffa4dff8000 	C:\Program Files\Java\jdk-12.0.2\bin\jli.dll
0x00007ffa57db0000 - 0x00007ffa57e5a000 	C:\WINDOWS\System32\ADVAPI32.dll
0x00007ffa57b90000 - 0x00007ffa57c2e000 	C:\WINDOWS\System32\msvcrt.dll
0x00007ffa57c30000 - 0x00007ffa57ccb000 	C:\WINDOWS\System32\sechost.dll
0x00007ffa58990000 - 0x00007ffa58ab4000 	C:\WINDOWS\System32\RPCRT4.dll
0x00007ffa59800000 - 0x00007ffa599a0000 	C:\WINDOWS\System32\USER32.dll
0x00007ffa57920000 - 0x00007ffa57942000 	C:\WINDOWS\System32\win32u.dll
0x00007ffa595d0000 - 0x00007ffa595fa000 	C:\WINDOWS\System32\GDI32.dll
0x00007ffa57a50000 - 0x00007ffa57b59000 	C:\WINDOWS\System32\gdi32full.dll
0x00007ffa579b0000 - 0x00007ffa57a4d000 	C:\WINDOWS\System32\msvcp_win.dll
0x00007ffa26e10000 - 0x00007ffa26e26000 	C:\Program Files\Java\jdk-12.0.2\bin\VCRUNTIME140.dll
0x00007ffa3c130000 - 0x00007ffa3c3cb000 	C:\WINDOWS\WinSxS\amd64_microsoft.windows.common-controls_6595b64144ccf1df_6.0.19041.488_none_ca04af081b815d21\COMCTL32.dll
0x00007ffa503f0000 - 0x00007ffa503fa000 	C:\WINDOWS\SYSTEM32\VERSION.dll
0x00007ffa57b60000 - 0x00007ffa57b90000 	C:\WINDOWS\System32\IMM32.DLL
0x00007ffa016b0000 - 0x00007ffa0175a000 	C:\Program Files\Java\jdk-12.0.2\bin\msvcp140.dll
0x00007ff9f0080000 - 0x00007ff9f0bf7000 	C:\Program Files\Java\jdk-12.0.2\bin\server\jvm.dll
0x00007ffa58330000 - 0x00007ffa58338000 	C:\WINDOWS\System32\PSAPI.DLL
0x00007ffa45e10000 - 0x00007ffa45e19000 	C:\WINDOWS\SYSTEM32\WSOCK32.dll
0x00007ffa58500000 - 0x00007ffa5856b000 	C:\WINDOWS\System32\WS2_32.dll
0x00007ffa476e0000 - 0x00007ffa47707000 	C:\WINDOWS\SYSTEM32\WINMM.dll
0x00007ffa55b70000 - 0x00007ffa55b82000 	C:\WINDOWS\SYSTEM32\kernel.appcore.dll
0x00007ffa25350000 - 0x00007ffa25361000 	C:\Program Files\Java\jdk-12.0.2\bin\verify.dll
0x00007ffa557f0000 - 0x00007ffa559d4000 	C:\WINDOWS\SYSTEM32\DBGHELP.DLL
0x00007ffa4cfe0000 - 0x00007ffa4d00c000 	C:\WINDOWS\SYSTEM32\dbgcore.DLL
0x00007ffa578a0000 - 0x00007ffa5791f000 	C:\WINDOWS\System32\bcryptPrimitives.dll
0x00007ffa19d20000 - 0x00007ffa19d46000 	C:\Program Files\Java\jdk-12.0.2\bin\java.dll
0x00007ffa4dfd0000 - 0x00007ffa4dfdf000 	C:\Program Files (x86)\NetBeans 11.0\profiler\lib\deployed\jdk16\windows-amd64\profilerinterface.dll
0x00007ffa19d00000 - 0x00007ffa19d17000 	C:\Program Files\Java\jdk-12.0.2\bin\zip.dll
0x00007ffa35b90000 - 0x00007ffa35b9a000 	C:\Program Files\Java\jdk-12.0.2\bin\jimage.dll
0x00007ffa58ac0000 - 0x00007ffa59200000 	C:\WINDOWS\System32\SHELL32.dll
0x00007ffa54f80000 - 0x00007ffa55714000 	C:\WINDOWS\SYSTEM32\windows.storage.dll
0x00007ffa58630000 - 0x00007ffa58985000 	C:\WINDOWS\System32\combase.dll
0x00007ffa56be0000 - 0x00007ffa56c0c000 	C:\WINDOWS\SYSTEM32\Wldp.dll
0x00007ffa599a0000 - 0x00007ffa59a4e000 	C:\WINDOWS\System32\SHCORE.dll
0x00007ffa57d30000 - 0x00007ffa57d85000 	C:\WINDOWS\System32\shlwapi.dll
0x00007ffa57170000 - 0x00007ffa57196000 	C:\WINDOWS\SYSTEM32\profapi.dll
0x00007ffa0f3d0000 - 0x00007ffa0f3e9000 	C:\Program Files\Java\jdk-12.0.2\bin\net.dll
0x00007ffa47df0000 - 0x00007ffa47ef0000 	C:\WINDOWS\SYSTEM32\WINHTTP.dll
0x00007ffa43670000 - 0x00007ffa4385d000 	C:\WINDOWS\SYSTEM32\urlmon.dll
0x00007ffa43c50000 - 0x00007ffa43f00000 	C:\WINDOWS\SYSTEM32\iertutil.dll
0x00007ffa56960000 - 0x00007ffa569ca000 	C:\WINDOWS\system32\mswsock.dll
0x00007ffa0e6a0000 - 0x00007ffa0e6b3000 	C:\Program Files\Java\jdk-12.0.2\bin\nio.dll
0x00007ffa32d90000 - 0x00007ffa32d99000 	C:\Program Files\Java\jdk-12.0.2\bin\management.dll
0x00007ffa32710000 - 0x00007ffa3271c000 	C:\Program Files\Java\jdk-12.0.2\bin\management_ext.dll
0x00007ffa56b30000 - 0x00007ffa56b48000 	C:\WINDOWS\SYSTEM32\CRYPTSP.dll
0x00007ffa562f0000 - 0x00007ffa56324000 	C:\WINDOWS\system32\rsaenh.dll
0x00007ffa57770000 - 0x00007ffa57797000 	C:\WINDOWS\System32\bcrypt.dll
0x00007ffa57130000 - 0x00007ffa5715e000 	C:\WINDOWS\SYSTEM32\USERENV.dll
0x00007ffa56b50000 - 0x00007ffa56b5c000 	C:\WINDOWS\SYSTEM32\CRYPTBASE.dll
0x00007ffa56650000 - 0x00007ffa5668b000 	C:\WINDOWS\SYSTEM32\IPHLPAPI.DLL
0x00007ffa58340000 - 0x00007ffa58349000 	C:\WINDOWS\System32\NSI.dll
0x00007ffa54db0000 - 0x00007ffa54dc7000 	C:\WINDOWS\SYSTEM32\dhcpcsvc6.DLL
0x00007ffa54d90000 - 0x00007ffa54dad000 	C:\WINDOWS\SYSTEM32\dhcpcsvc.DLL
0x00007ffa56690000 - 0x00007ffa5675b000 	C:\WINDOWS\SYSTEM32\DNSAPI.dll
0x00007ffa01760000 - 0x00007ffa018ff000 	C:\Program Files\Java\jdk-12.0.2\bin\awt.dll
0x00007ffa59600000 - 0x00007ffa596cd000 	C:\WINDOWS\System32\OLEAUT32.dll
0x00007ffa53150000 - 0x00007ffa53710000 	C:\WINDOWS\SYSTEM32\d2d1.dll
0x00007ffa54580000 - 0x00007ffa54610000 	C:\WINDOWS\SYSTEM32\apphelp.dll
0x00007ffa546d0000 - 0x00007ffa5476f000 	C:\WINDOWS\system32\uxtheme.dll
0x00007ffa596e0000 - 0x00007ffa597f5000 	C:\WINDOWS\System32\MSCTF.dll
0x00007ffa59420000 - 0x00007ffa5954a000 	C:\WINDOWS\System32\ole32.dll
0x00007ffa548e0000 - 0x00007ffa5490f000 	C:\WINDOWS\system32\DWMAPI.DLL
0x00007ffa0e440000 - 0x00007ffa0e4c0000 	C:\Program Files\Java\jdk-12.0.2\bin\freetype.dll
0x00007ffa01600000 - 0x00007ffa016ab000 	C:\Program Files\Java\jdk-12.0.2\bin\fontmanager.dll
0x00007ffa32720000 - 0x00007ffa32845000 	C:\WINDOWS\system32\opengl32.dll
0x00007ffa31d80000 - 0x00007ffa31dac000 	C:\WINDOWS\SYSTEM32\GLU32.dll
0x00007ffa59290000 - 0x00007ffa59339000 	C:\WINDOWS\System32\clbcatq.dll
0x00007ffa501a0000 - 0x00007ffa50354000 	C:\WINDOWS\SYSTEM32\WindowsCodecs.dll
0x00007ffa307a0000 - 0x00007ffa307de000 	C:\WINDOWS\system32\dataexchange.dll
0x00007ffa52a80000 - 0x00007ffa52ce4000 	C:\WINDOWS\system32\d3d11.dll
0x00007ffa539a0000 - 0x00007ffa53b85000 	C:\WINDOWS\system32\dcomp.dll
0x00007ffa55b90000 - 0x00007ffa55c83000 	C:\WINDOWS\system32\dxgi.dll
0x00007ffa504c0000 - 0x00007ffa506c8000 	C:\WINDOWS\system32\twinapi.appcore.dll

dbghelp: loaded successfully - version: 4.0.5 - missing functions: none
symbol engine: initialized successfully - sym options: 0x614 - pdb path: .;C:\Program Files\Java\jdk-12.0.2\bin;C:\WINDOWS\SYSTEM32;C:\Program Files\AVAST Software\Avast;C:\WINDOWS\WinSxS\amd64_microsoft.windows.common-controls_6595b64144ccf1df_6.0.19041.488_none_ca04af081b815d21;C:\Program Files\Java\jdk-12.0.2\bin\server;C:\Program Files (x86)\NetBeans 11.0\profiler\lib\deployed\jdk16\windows-amd64

VM Arguments:
jvm_args: -Dfile.encoding=UTF-8 -agentpath:C:/Program Files (x86)/NetBeans 11.0/profiler/lib/deployed/jdk16/windows-amd64/profilerinterface.dll=C:\Program Files (x86)\NetBeans 11.0\profiler\lib,5140,10 -XX:+HeapDumpOnOutOfMemoryError -XX:HeapDumpPath=C:\Users\Adri\OneDrive - Robert Gordon University\RGU\Year 3\Concurrent Programming\cw2020\nbproject\private\profiler 
java_command: cw2020.GUI
java_class_path (initial): C:\Users\Adri\OneDrive - Robert Gordon University\RGU\Year 3\Concurrent Programming\cw2020\build\classes
Launcher Type: SUN_STANDARD

[Global flags]
     intx CICompilerCount                          = 3                                         {product} {ergonomic}
     uint ConcGCThreads                            = 1                                         {product} {ergonomic}
     uint G1ConcRefinementThreads                  = 4                                         {product} {ergonomic}
   size_t G1HeapRegionSize                         = 1048576                                   {product} {ergonomic}
    uintx GCDrainStackTargetSize                   = 64                                        {product} {ergonomic}
     bool HeapDumpOnOutOfMemoryError               = true                                   {manageable} {command line}
    ccstr HeapDumpPath                             = C:\Users\Adri\OneDrive - Robert Gordon University\RGU\Year 3\Concurrent Programming\cw2020\nbproject\private\profiler         {manageable} {command line}
   size_t InitialHeapSize                          = 134217728                                 {product} {ergonomic}
   size_t MarkStackSize                            = 4194304                                   {product} {ergonomic}
   size_t MaxHeapSize                              = 2126512128                                {product} {ergonomic}
   size_t MaxNewSize                               = 1275068416                                {product} {ergonomic}
   size_t MinHeapDeltaBytes                        = 1048576                                   {product} {ergonomic}
    uintx NonNMethodCodeHeapSize                   = 5830732                                {pd product} {ergonomic}
    uintx NonProfiledCodeHeapSize                  = 122913754                              {pd product} {ergonomic}
    uintx ProfiledCodeHeapSize                     = 122913754                              {pd product} {ergonomic}
    uintx ReservedCodeCacheSize                    = 251658240                              {pd product} {ergonomic}
     bool SegmentedCodeCache                       = true                                      {product} {ergonomic}
     bool UseCompressedClassPointers               = true                                 {lp64_product} {ergonomic}
     bool UseCompressedOops                        = true                                 {lp64_product} {ergonomic}
     bool UseG1GC                                  = true                                      {product} {ergonomic}
     bool UseLargePagesIndividualAllocation        = false                                  {pd product} {ergonomic}

Logging:
Log output configuration:
 #0: stdout all=warning uptime,level,tags
 #1: stderr all=off uptime,level,tags

Environment Variables:
PATH=C:\Rtools\bin;C:\WINDOWS\system32;C:\WINDOWS;C:\WINDOWS\System32\Wbem;C:\WINDOWS\System32\WindowsPowerShell\v1.0\;C:\WINDOWS\System32\OpenSSH\;C:\Users\Adri\Grafika\Libs\freeglut\include;C:\Users\Adri\Grafika\Libs\freeglut\lib;C:\Program Files\dotnet\;C:\Program Files\Microsoft SQL Server\130\Tools\Binn\;C:\Program Files\Git\cmd;C:\Users\Adri\BME\Oprendszerek;C:\Users\Adri\Documents\R;C:\Program Files\RStudio\R;C:\Program Files\nodejs\;C:\Program Files\Calibre2\;C:\Users\Adri\AppData\Local\Microsoft\WindowsApps;C:\Users\Adri\AppData\Local\GitHubDesktop\bin;C:\Program Files\Java\jdk1.8.0_201\bin;C:\Users\Adri\BME\Oprendszerek;;C:\Program Files\JetBrains\IntelliJ IDEA 2019.3.1\bin;C:\Users\Adri\AppData\Local\Programs\Microsoft VS Code\bin;C:\Users\Adri\.dotnet\tools;C:\Users\Adri\AppData\Roaming\npm;%USERPROFILE%\AppData\Local\Microsoft\WindowsApps
USERNAME=Adri
OS=Windows_NT
PROCESSOR_IDENTIFIER=Intel64 Family 6 Model 142 Stepping 9, GenuineIntel



---------------  S Y S T E M  ---------------

OS: Windows 10 , 64 bit Build 19041 (10.0.19041.546)

CPU:total 4 (initial active 4) (2 cores per cpu, 2 threads per core) family 6 model 142 stepping 9, cmov, cx8, fxsr, mmx, sse, sse2, sse3, ssse3, sse4.1, sse4.2, popcnt, avx, avx2, aes, clmul, erms, 3dnowpref, lzcnt, ht, tsc, tscinvbit, bmi1, bmi2, adx, fma

Memory: 4k page, system-wide physical 8108M (1387M free)
TotalPageFile size 12716M (AvailPageFile size 4124M)
current process WorkingSet (physical memory assigned to process): 111M, peak: 111M
current process commit charge ("private bytes"): 257M, peak: 261M

vm_info: Java HotSpot(TM) 64-Bit Server VM (12.0.2+10) for windows-amd64 JRE (12.0.2+10), built on Jul 16 2019 01:56:17 by "mach5one" with MS VC++ 15.5 (VS2017)

END.
